{"C:\\Users\\Usuario\\Desktop\\pasteleria-mil-sabores\\src\\App.jsx": {"path":"C:\\Users\\Usuario\\Desktop\\pasteleria-mil-sabores\\src\\App.jsx","statementMap":{"0":{"start":{"line":12,"column":2},"end":{"line":36,"column":4}}},"fnMap":{"0":{"name":"App","decl":{"start":{"line":11,"column":24},"end":{"line":11,"column":27}},"loc":{"start":{"line":11,"column":30},"end":{"line":37,"column":1}},"line":11}},"branchMap":{},"s":{"0":0},"f":{"0":0},"b":{}}
,"C:\\Users\\Usuario\\Desktop\\pasteleria-mil-sabores\\src\\components\\atoms\\Badge.jsx": {"path":"C:\\Users\\Usuario\\Desktop\\pasteleria-mil-sabores\\src\\components\\atoms\\Badge.jsx","statementMap":{"0":{"start":{"line":3,"column":2},"end":{"line":16,"column":4}}},"fnMap":{"0":{"name":"Badge","decl":{"start":{"line":2,"column":24},"end":{"line":2,"column":29}},"loc":{"start":{"line":2,"column":86},"end":{"line":17,"column":1}},"line":2}},"branchMap":{"0":{"loc":{"start":{"line":2,"column":42},"end":{"line":2,"column":59}},"type":"default-arg","locations":[{"start":{"line":2,"column":50},"end":{"line":2,"column":59}}],"line":2},"1":{"loc":{"start":{"line":2,"column":61},"end":{"line":2,"column":82}},"type":"default-arg","locations":[{"start":{"line":2,"column":73},"end":{"line":2,"column":82}}],"line":2}},"s":{"0":0},"f":{"0":0},"b":{"0":[0],"1":[0]}}
,"C:\\Users\\Usuario\\Desktop\\pasteleria-mil-sabores\\src\\components\\atoms\\Button.jsx": {"path":"C:\\Users\\Usuario\\Desktop\\pasteleria-mil-sabores\\src\\components\\atoms\\Button.jsx","statementMap":{"0":{"start":{"line":3,"column":15},"end":{"line":3,"column":20}},"1":{"start":{"line":4,"column":18},"end":{"line":4,"column":62}},"2":{"start":{"line":6,"column":2},"end":{"line":10,"column":4}}},"fnMap":{"0":{"name":"Button","decl":{"start":{"line":2,"column":24},"end":{"line":2,"column":30}},"loc":{"start":{"line":2,"column":92},"end":{"line":11,"column":1}},"line":2}},"branchMap":{"0":{"loc":{"start":{"line":2,"column":43},"end":{"line":2,"column":62}},"type":"default-arg","locations":[{"start":{"line":2,"column":53},"end":{"line":2,"column":62}}],"line":2},"1":{"loc":{"start":{"line":2,"column":73},"end":{"line":2,"column":88}},"type":"default-arg","locations":[{"start":{"line":2,"column":80},"end":{"line":2,"column":88}}],"line":2},"2":{"loc":{"start":{"line":4,"column":29},"end":{"line":4,"column":60}},"type":"cond-expr","locations":[{"start":{"line":4,"column":39},"end":{"line":4,"column":55}},{"start":{"line":4,"column":58},"end":{"line":4,"column":60}}],"line":4}},"s":{"0":13,"1":13,"2":13},"f":{"0":13},"b":{"0":[12],"1":[12],"2":[13,0]},"_coverageSchema":"1a1c01bbd47fc00a2c39e90264f33305004495a9","hash":"f02dbb243f2e52c544bf5c3c9803def11ef077b3"}
,"C:\\Users\\Usuario\\Desktop\\pasteleria-mil-sabores\\src\\components\\atoms\\Image.jsx": {"path":"C:\\Users\\Usuario\\Desktop\\pasteleria-mil-sabores\\src\\components\\atoms\\Image.jsx","statementMap":{"0":{"start":{"line":3,"column":2},"end":{"line":15,"column":4}}},"fnMap":{"0":{"name":"Image","decl":{"start":{"line":2,"column":24},"end":{"line":2,"column":29}},"loc":{"start":{"line":2,"column":84},"end":{"line":16,"column":1}},"line":2}},"branchMap":{"0":{"loc":{"start":{"line":2,"column":42},"end":{"line":2,"column":56}},"type":"default-arg","locations":[{"start":{"line":2,"column":50},"end":{"line":2,"column":56}}],"line":2},"1":{"loc":{"start":{"line":2,"column":58},"end":{"line":2,"column":73}},"type":"default-arg","locations":[{"start":{"line":2,"column":67},"end":{"line":2,"column":73}}],"line":2}},"s":{"0":0},"f":{"0":0},"b":{"0":[0],"1":[0]}}
,"C:\\Users\\Usuario\\Desktop\\pasteleria-mil-sabores\\src\\components\\atoms\\Input.jsx": {"path":"C:\\Users\\Usuario\\Desktop\\pasteleria-mil-sabores\\src\\components\\atoms\\Input.jsx","statementMap":{"0":{"start":{"line":3,"column":2},"end":{"line":13,"column":4}}},"fnMap":{"0":{"name":"Input","decl":{"start":{"line":2,"column":24},"end":{"line":2,"column":29}},"loc":{"start":{"line":2,"column":95},"end":{"line":14,"column":1}},"line":2}},"branchMap":{"0":{"loc":{"start":{"line":2,"column":32},"end":{"line":2,"column":45}},"type":"default-arg","locations":[{"start":{"line":2,"column":39},"end":{"line":2,"column":45}}],"line":2}},"s":{"0":16},"f":{"0":16},"b":{"0":[7]},"_coverageSchema":"1a1c01bbd47fc00a2c39e90264f33305004495a9","hash":"64a842b9bdf2ed1566698161bda4320674b736aa"}
,"C:\\Users\\Usuario\\Desktop\\pasteleria-mil-sabores\\src\\components\\atoms\\Text.jsx": {"path":"C:\\Users\\Usuario\\Desktop\\pasteleria-mil-sabores\\src\\components\\atoms\\Text.jsx","statementMap":{"0":{"start":{"line":3,"column":19},"end":{"line":3,"column":55}},"1":{"start":{"line":4,"column":16},"end":{"line":4,"column":45}},"2":{"start":{"line":5,"column":2},"end":{"line":5,"column":65}}},"fnMap":{"0":{"name":"Text","decl":{"start":{"line":2,"column":24},"end":{"line":2,"column":28}},"loc":{"start":{"line":2,"column":83},"end":{"line":6,"column":1}},"line":2}},"branchMap":{"0":{"loc":{"start":{"line":2,"column":41},"end":{"line":2,"column":57}},"type":"default-arg","locations":[{"start":{"line":2,"column":48},"end":{"line":2,"column":57}}],"line":2},"1":{"loc":{"start":{"line":2,"column":59},"end":{"line":2,"column":72}},"type":"default-arg","locations":[{"start":{"line":2,"column":67},"end":{"line":2,"column":72}}],"line":2},"2":{"loc":{"start":{"line":3,"column":19},"end":{"line":3,"column":55}},"type":"cond-expr","locations":[{"start":{"line":3,"column":38},"end":{"line":3,"column":46}},{"start":{"line":3,"column":49},"end":{"line":3,"column":55}}],"line":3},"3":{"loc":{"start":{"line":4,"column":16},"end":{"line":4,"column":45}},"type":"cond-expr","locations":[{"start":{"line":4,"column":24},"end":{"line":4,"column":33}},{"start":{"line":4,"column":36},"end":{"line":4,"column":45}}],"line":4}},"s":{"0":0,"1":0,"2":0},"f":{"0":0},"b":{"0":[0],"1":[0],"2":[0,0],"3":[0,0]}}
,"C:\\Users\\Usuario\\Desktop\\pasteleria-mil-sabores\\src\\components\\atoms\\Title.jsx": {"path":"C:\\Users\\Usuario\\Desktop\\pasteleria-mil-sabores\\src\\components\\atoms\\Title.jsx","statementMap":{"0":{"start":{"line":3,"column":14},"end":{"line":3,"column":25}},"1":{"start":{"line":4,"column":2},"end":{"line":4,"column":52}}},"fnMap":{"0":{"name":"Title","decl":{"start":{"line":2,"column":24},"end":{"line":2,"column":29}},"loc":{"start":{"line":2,"column":62},"end":{"line":5,"column":1}},"line":2}},"branchMap":{"0":{"loc":{"start":{"line":2,"column":42},"end":{"line":2,"column":51}},"type":"default-arg","locations":[{"start":{"line":2,"column":50},"end":{"line":2,"column":51}}],"line":2}},"s":{"0":0,"1":0},"f":{"0":0},"b":{"0":[0]}}
,"C:\\Users\\Usuario\\Desktop\\pasteleria-mil-sabores\\src\\components\\molecules\\CardProduct.jsx": {"path":"C:\\Users\\Usuario\\Desktop\\pasteleria-mil-sabores\\src\\components\\molecules\\CardProduct.jsx","statementMap":{"0":{"start":{"line":9,"column":4},"end":{"line":9,"column":91}},"1":{"start":{"line":11,"column":20},"end":{"line":14,"column":3}},"2":{"start":{"line":12,"column":20},"end":{"line":12,"column":56}},"3":{"start":{"line":13,"column":4},"end":{"line":13,"column":23}},"4":{"start":{"line":16,"column":2},"end":{"line":40,"column":4}}},"fnMap":{"0":{"name":"CardProduct","decl":{"start":{"line":7,"column":24},"end":{"line":7,"column":35}},"loc":{"start":{"line":7,"column":89},"end":{"line":41,"column":1}},"line":7},"1":{"name":"(anonymous_1)","decl":{"start":{"line":11,"column":20},"end":{"line":11,"column":21}},"loc":{"start":{"line":11,"column":26},"end":{"line":14,"column":3}},"line":11}},"branchMap":{"0":{"loc":{"start":{"line":9,"column":4},"end":{"line":9,"column":91}},"type":"binary-expr","locations":[{"start":{"line":9,"column":4},"end":{"line":9,"column":45}},{"start":{"line":9,"column":49},"end":{"line":9,"column":91}}],"line":9},"1":{"loc":{"start":{"line":34,"column":7},"end":{"line":38,"column":7}},"type":"cond-expr","locations":[{"start":{"line":35,"column":8},"end":{"line":35,"column":68}},{"start":{"line":37,"column":8},"end":{"line":37,"column":63}}],"line":34}},"s":{"0":0,"1":0,"2":0,"3":0,"4":0},"f":{"0":0,"1":0},"b":{"0":[0,0],"1":[0,0]}}
,"C:\\Users\\Usuario\\Desktop\\pasteleria-mil-sabores\\src\\components\\molecules\\CartItem.jsx": {"path":"C:\\Users\\Usuario\\Desktop\\pasteleria-mil-sabores\\src\\components\\molecules\\CartItem.jsx","statementMap":{"0":{"start":{"line":5,"column":2},"end":{"line":33,"column":4}}},"fnMap":{"0":{"name":"CartItem","decl":{"start":{"line":4,"column":24},"end":{"line":4,"column":32}},"loc":{"start":{"line":4,"column":77},"end":{"line":34,"column":1}},"line":4}},"branchMap":{"0":{"loc":{"start":{"line":18,"column":9},"end":{"line":22,"column":9}},"type":"binary-expr","locations":[{"start":{"line":18,"column":9},"end":{"line":18,"column":21}},{"start":{"line":19,"column":10},"end":{"line":21,"column":17}}],"line":18}},"s":{"0":0},"f":{"0":0},"b":{"0":[0,0]}}
,"C:\\Users\\Usuario\\Desktop\\pasteleria-mil-sabores\\src\\components\\molecules\\FormField.jsx": {"path":"C:\\Users\\Usuario\\Desktop\\pasteleria-mil-sabores\\src\\components\\molecules\\FormField.jsx","statementMap":{"0":{"start":{"line":6,"column":2},"end":{"line":20,"column":4}}},"fnMap":{"0":{"name":"FormField","decl":{"start":{"line":5,"column":24},"end":{"line":5,"column":33}},"loc":{"start":{"line":5,"column":97},"end":{"line":21,"column":1}},"line":5}},"branchMap":{},"s":{"0":0},"f":{"0":0},"b":{}}
,"C:\\Users\\Usuario\\Desktop\\pasteleria-mil-sabores\\src\\components\\molecules\\MessageModal.jsx": {"path":"C:\\Users\\Usuario\\Desktop\\pasteleria-mil-sabores\\src\\components\\molecules\\MessageModal.jsx","statementMap":{"0":{"start":{"line":6,"column":32},"end":{"line":6,"column":44}},"1":{"start":{"line":8,"column":24},"end":{"line":12,"column":3}},"2":{"start":{"line":9,"column":4},"end":{"line":9,"column":32}},"3":{"start":{"line":10,"column":4},"end":{"line":10,"column":19}},"4":{"start":{"line":11,"column":4},"end":{"line":11,"column":14}},"5":{"start":{"line":14,"column":2},"end":{"line":54,"column":4}},"6":{"start":{"line":45,"column":27},"end":{"line":45,"column":53}}},"fnMap":{"0":{"name":"MessageModal","decl":{"start":{"line":5,"column":24},"end":{"line":5,"column":36}},"loc":{"start":{"line":5,"column":70},"end":{"line":55,"column":1}},"line":5},"1":{"name":"(anonymous_1)","decl":{"start":{"line":8,"column":24},"end":{"line":8,"column":25}},"loc":{"start":{"line":8,"column":30},"end":{"line":12,"column":3}},"line":8},"2":{"name":"(anonymous_2)","decl":{"start":{"line":45,"column":20},"end":{"line":45,"column":21}},"loc":{"start":{"line":45,"column":27},"end":{"line":45,"column":53}},"line":45}},"branchMap":{},"s":{"0":0,"1":0,"2":0,"3":0,"4":0,"5":0,"6":0},"f":{"0":0,"1":0,"2":0},"b":{}}
,"C:\\Users\\Usuario\\Desktop\\pasteleria-mil-sabores\\src\\components\\molecules\\ProductFilter.jsx": {"path":"C:\\Users\\Usuario\\Desktop\\pasteleria-mil-sabores\\src\\components\\molecules\\ProductFilter.jsx","statementMap":{"0":{"start":{"line":3,"column":2},"end":{"line":17,"column":4}},"1":{"start":{"line":12,"column":8},"end":{"line":14,"column":17}}},"fnMap":{"0":{"name":"ProductFilter","decl":{"start":{"line":2,"column":24},"end":{"line":2,"column":37}},"loc":{"start":{"line":2,"column":68},"end":{"line":18,"column":1}},"line":2},"1":{"name":"(anonymous_1)","decl":{"start":{"line":11,"column":19},"end":{"line":11,"column":20}},"loc":{"start":{"line":12,"column":8},"end":{"line":14,"column":17}},"line":12}},"branchMap":{},"s":{"0":0,"1":0},"f":{"0":0,"1":0},"b":{}}
,"C:\\Users\\Usuario\\Desktop\\pasteleria-mil-sabores\\src\\components\\molecules\\SearchBar.jsx": {"path":"C:\\Users\\Usuario\\Desktop\\pasteleria-mil-sabores\\src\\components\\molecules\\SearchBar.jsx","statementMap":{"0":{"start":{"line":6,"column":2},"end":{"line":17,"column":4}}},"fnMap":{"0":{"name":"SearchBar","decl":{"start":{"line":5,"column":24},"end":{"line":5,"column":33}},"loc":{"start":{"line":5,"column":65},"end":{"line":18,"column":1}},"line":5}},"branchMap":{},"s":{"0":7},"f":{"0":7},"b":{},"_coverageSchema":"1a1c01bbd47fc00a2c39e90264f33305004495a9","hash":"186ad1ee3618b6f974e2390988df35dcf3256387"}
,"C:\\Users\\Usuario\\Desktop\\pasteleria-mil-sabores\\src\\components\\organisms\\AboutSection.jsx": {"path":"C:\\Users\\Usuario\\Desktop\\pasteleria-mil-sabores\\src\\components\\organisms\\AboutSection.jsx","statementMap":{"0":{"start":{"line":4,"column":2},"end":{"line":38,"column":4}}},"fnMap":{"0":{"name":"AboutSection","decl":{"start":{"line":3,"column":24},"end":{"line":3,"column":36}},"loc":{"start":{"line":3,"column":39},"end":{"line":39,"column":1}},"line":3}},"branchMap":{},"s":{"0":0},"f":{"0":0},"b":{}}
,"C:\\Users\\Usuario\\Desktop\\pasteleria-mil-sabores\\src\\components\\organisms\\CartSummary.jsx": {"path":"C:\\Users\\Usuario\\Desktop\\pasteleria-mil-sabores\\src\\components\\organisms\\CartSummary.jsx","statementMap":{"0":{"start":{"line":7,"column":26},"end":{"line":7,"column":38}},"1":{"start":{"line":8,"column":34},"end":{"line":8,"column":45}},"2":{"start":{"line":9,"column":52},"end":{"line":9,"column":63}},"3":{"start":{"line":10,"column":36},"end":{"line":10,"column":48}},"4":{"start":{"line":11,"column":44},"end":{"line":11,"column":55}},"5":{"start":{"line":14,"column":2},"end":{"line":17,"column":9}},"6":{"start":{"line":15,"column":22},"end":{"line":15,"column":68}},"7":{"start":{"line":16,"column":4},"end":{"line":16,"column":23}},"8":{"start":{"line":20,"column":2},"end":{"line":40,"column":13}},"9":{"start":{"line":21,"column":4},"end":{"line":27,"column":5}},"10":{"start":{"line":22,"column":6},"end":{"line":22,"column":21}},"11":{"start":{"line":23,"column":6},"end":{"line":23,"column":30}},"12":{"start":{"line":24,"column":6},"end":{"line":24,"column":26}},"13":{"start":{"line":25,"column":6},"end":{"line":25,"column":23}},"14":{"start":{"line":26,"column":6},"end":{"line":26,"column":13}},"15":{"start":{"line":29,"column":25},"end":{"line":32,"column":5}},"16":{"start":{"line":30,"column":21},"end":{"line":30,"column":47}},"17":{"start":{"line":33,"column":4},"end":{"line":33,"column":35}},"18":{"start":{"line":36,"column":6},"end":{"line":36,"column":36}},"19":{"start":{"line":37,"column":4},"end":{"line":37,"column":26}},"20":{"start":{"line":38,"column":4},"end":{"line":38,"column":44}},"21":{"start":{"line":39,"column":4},"end":{"line":39,"column":28}},"22":{"start":{"line":43,"column":27},"end":{"line":47,"column":3}},"23":{"start":{"line":44,"column":25},"end":{"line":44,"column":62}},"24":{"start":{"line":44,"column":47},"end":{"line":44,"column":61}},"25":{"start":{"line":45,"column":4},"end":{"line":45,"column":26}},"26":{"start":{"line":46,"column":4},"end":{"line":46,"column":63}},"27":{"start":{"line":50,"column":27},"end":{"line":56,"column":3}},"28":{"start":{"line":51,"column":24},"end":{"line":53,"column":5}},"29":{"start":{"line":52,"column":6},"end":{"line":52,"column":77}},"30":{"start":{"line":54,"column":4},"end":{"line":54,"column":25}},"31":{"start":{"line":55,"column":4},"end":{"line":55,"column":62}},"32":{"start":{"line":59,"column":28},"end":{"line":69,"column":3}},"33":{"start":{"line":60,"column":24},"end":{"line":66,"column":49}},"34":{"start":{"line":62,"column":8},"end":{"line":64,"column":16}},"35":{"start":{"line":66,"column":24},"end":{"line":66,"column":48}},"36":{"start":{"line":67,"column":4},"end":{"line":67,"column":25}},"37":{"start":{"line":68,"column":4},"end":{"line":68,"column":62}},"38":{"start":{"line":72,"column":2},"end":{"line":80,"column":3}},"39":{"start":{"line":73,"column":4},"end":{"line":79,"column":6}},"40":{"start":{"line":83,"column":2},"end":{"line":199,"column":4}},"41":{"start":{"line":98,"column":10},"end":{"line":138,"column":16}},"42":{"start":{"line":118,"column":37},"end":{"line":118,"column":63}},"43":{"start":{"line":120,"column":37},"end":{"line":120,"column":62}},"44":{"start":{"line":128,"column":31},"end":{"line":128,"column":56}}},"fnMap":{"0":{"name":"CartSummary","decl":{"start":{"line":6,"column":24},"end":{"line":6,"column":35}},"loc":{"start":{"line":6,"column":52},"end":{"line":200,"column":1}},"line":6},"1":{"name":"(anonymous_1)","decl":{"start":{"line":14,"column":12},"end":{"line":14,"column":13}},"loc":{"start":{"line":14,"column":18},"end":{"line":17,"column":3}},"line":14},"2":{"name":"(anonymous_2)","decl":{"start":{"line":20,"column":12},"end":{"line":20,"column":13}},"loc":{"start":{"line":20,"column":18},"end":{"line":40,"column":3}},"line":20},"3":{"name":"(anonymous_3)","decl":{"start":{"line":30,"column":6},"end":{"line":30,"column":7}},"loc":{"start":{"line":30,"column":21},"end":{"line":30,"column":47}},"line":30},"4":{"name":"(anonymous_4)","decl":{"start":{"line":43,"column":27},"end":{"line":43,"column":28}},"loc":{"start":{"line":43,"column":35},"end":{"line":47,"column":3}},"line":43},"5":{"name":"(anonymous_5)","decl":{"start":{"line":44,"column":37},"end":{"line":44,"column":38}},"loc":{"start":{"line":44,"column":47},"end":{"line":44,"column":61}},"line":44},"6":{"name":"(anonymous_6)","decl":{"start":{"line":50,"column":27},"end":{"line":50,"column":28}},"loc":{"start":{"line":50,"column":35},"end":{"line":56,"column":3}},"line":50},"7":{"name":"(anonymous_7)","decl":{"start":{"line":51,"column":33},"end":{"line":51,"column":34}},"loc":{"start":{"line":52,"column":6},"end":{"line":52,"column":77}},"line":52},"8":{"name":"(anonymous_8)","decl":{"start":{"line":59,"column":28},"end":{"line":59,"column":29}},"loc":{"start":{"line":59,"column":36},"end":{"line":69,"column":3}},"line":59},"9":{"name":"(anonymous_9)","decl":{"start":{"line":61,"column":11},"end":{"line":61,"column":12}},"loc":{"start":{"line":62,"column":8},"end":{"line":64,"column":16}},"line":62},"10":{"name":"(anonymous_10)","decl":{"start":{"line":66,"column":14},"end":{"line":66,"column":15}},"loc":{"start":{"line":66,"column":24},"end":{"line":66,"column":48}},"line":66},"11":{"name":"(anonymous_11)","decl":{"start":{"line":97,"column":18},"end":{"line":97,"column":19}},"loc":{"start":{"line":98,"column":10},"end":{"line":138,"column":16}},"line":98},"12":{"name":"(anonymous_12)","decl":{"start":{"line":118,"column":31},"end":{"line":118,"column":32}},"loc":{"start":{"line":118,"column":37},"end":{"line":118,"column":63}},"line":118},"13":{"name":"(anonymous_13)","decl":{"start":{"line":120,"column":31},"end":{"line":120,"column":32}},"loc":{"start":{"line":120,"column":37},"end":{"line":120,"column":62}},"line":120},"14":{"name":"(anonymous_14)","decl":{"start":{"line":128,"column":25},"end":{"line":128,"column":26}},"loc":{"start":{"line":128,"column":31},"end":{"line":128,"column":56}},"line":128}},"branchMap":{"0":{"loc":{"start":{"line":15,"column":22},"end":{"line":15,"column":68}},"type":"binary-expr","locations":[{"start":{"line":15,"column":22},"end":{"line":15,"column":62}},{"start":{"line":15,"column":66},"end":{"line":15,"column":68}}],"line":15},"1":{"loc":{"start":{"line":21,"column":4},"end":{"line":27,"column":5}},"type":"if","locations":[{"start":{"line":21,"column":4},"end":{"line":27,"column":5}},{"start":{},"end":{}}],"line":21},"2":{"loc":{"start":{"line":21,"column":8},"end":{"line":21,"column":34}},"type":"binary-expr","locations":[{"start":{"line":21,"column":8},"end":{"line":21,"column":13}},{"start":{"line":21,"column":17},"end":{"line":21,"column":34}}],"line":21},"3":{"loc":{"start":{"line":30,"column":28},"end":{"line":30,"column":46}},"type":"binary-expr","locations":[{"start":{"line":30,"column":28},"end":{"line":30,"column":41}},{"start":{"line":30,"column":45},"end":{"line":30,"column":46}}],"line":30},"4":{"loc":{"start":{"line":52,"column":6},"end":{"line":52,"column":77}},"type":"cond-expr","locations":[{"start":{"line":52,"column":23},"end":{"line":52,"column":70}},{"start":{"line":52,"column":73},"end":{"line":52,"column":77}}],"line":52},"5":{"loc":{"start":{"line":52,"column":45},"end":{"line":52,"column":63}},"type":"binary-expr","locations":[{"start":{"line":52,"column":45},"end":{"line":52,"column":58}},{"start":{"line":52,"column":62},"end":{"line":52,"column":63}}],"line":52},"6":{"loc":{"start":{"line":62,"column":8},"end":{"line":64,"column":16}},"type":"cond-expr","locations":[{"start":{"line":63,"column":12},"end":{"line":63,"column":52}},{"start":{"line":64,"column":12},"end":{"line":64,"column":16}}],"line":62},"7":{"loc":{"start":{"line":62,"column":8},"end":{"line":62,"column":50}},"type":"binary-expr","locations":[{"start":{"line":62,"column":8},"end":{"line":62,"column":22}},{"start":{"line":62,"column":26},"end":{"line":62,"column":50}}],"line":62},"8":{"loc":{"start":{"line":62,"column":27},"end":{"line":62,"column":45}},"type":"binary-expr","locations":[{"start":{"line":62,"column":27},"end":{"line":62,"column":40}},{"start":{"line":62,"column":44},"end":{"line":62,"column":45}}],"line":62},"9":{"loc":{"start":{"line":66,"column":25},"end":{"line":66,"column":43}},"type":"binary-expr","locations":[{"start":{"line":66,"column":25},"end":{"line":66,"column":38}},{"start":{"line":66,"column":42},"end":{"line":66,"column":43}}],"line":66},"10":{"loc":{"start":{"line":72,"column":2},"end":{"line":80,"column":3}},"type":"if","locations":[{"start":{"line":72,"column":2},"end":{"line":80,"column":3}},{"start":{},"end":{}}],"line":72},"11":{"loc":{"start":{"line":146,"column":9},"end":{"line":150,"column":9}},"type":"binary-expr","locations":[{"start":{"line":146,"column":9},"end":{"line":146,"column":39}},{"start":{"line":147,"column":10},"end":{"line":149,"column":17}}],"line":146},"12":{"loc":{"start":{"line":152,"column":9},"end":{"line":154,"column":9}},"type":"binary-expr","locations":[{"start":{"line":152,"column":9},"end":{"line":152,"column":39}},{"start":{"line":153,"column":10},"end":{"line":153,"column":51}}],"line":152},"13":{"loc":{"start":{"line":158,"column":9},"end":{"line":174,"column":9}},"type":"binary-expr","locations":[{"start":{"line":158,"column":9},"end":{"line":158,"column":18}},{"start":{"line":159,"column":10},"end":{"line":173,"column":16}}],"line":158}},"s":{"0":0,"1":0,"2":0,"3":0,"4":0,"5":0,"6":0,"7":0,"8":0,"9":0,"10":0,"11":0,"12":0,"13":0,"14":0,"15":0,"16":0,"17":0,"18":0,"19":0,"20":0,"21":0,"22":0,"23":0,"24":0,"25":0,"26":0,"27":0,"28":0,"29":0,"30":0,"31":0,"32":0,"33":0,"34":0,"35":0,"36":0,"37":0,"38":0,"39":0,"40":0,"41":0,"42":0,"43":0,"44":0},"f":{"0":0,"1":0,"2":0,"3":0,"4":0,"5":0,"6":0,"7":0,"8":0,"9":0,"10":0,"11":0,"12":0,"13":0,"14":0},"b":{"0":[0,0],"1":[0,0],"2":[0,0],"3":[0,0],"4":[0,0],"5":[0,0],"6":[0,0],"7":[0,0],"8":[0,0],"9":[0,0],"10":[0,0],"11":[0,0],"12":[0,0],"13":[0,0]}}
,"C:\\Users\\Usuario\\Desktop\\pasteleria-mil-sabores\\src\\components\\organisms\\Footer.jsx": {"path":"C:\\Users\\Usuario\\Desktop\\pasteleria-mil-sabores\\src\\components\\organisms\\Footer.jsx","statementMap":{"0":{"start":{"line":5,"column":2},"end":{"line":16,"column":4}}},"fnMap":{"0":{"name":"Footer","decl":{"start":{"line":4,"column":24},"end":{"line":4,"column":30}},"loc":{"start":{"line":4,"column":33},"end":{"line":17,"column":1}},"line":4}},"branchMap":{},"s":{"0":0},"f":{"0":0},"b":{}}
,"C:\\Users\\Usuario\\Desktop\\pasteleria-mil-sabores\\src\\components\\organisms\\HeroSection.jsx": {"path":"C:\\Users\\Usuario\\Desktop\\pasteleria-mil-sabores\\src\\components\\organisms\\HeroSection.jsx","statementMap":{"0":{"start":{"line":6,"column":17},"end":{"line":34,"column":3}},"1":{"start":{"line":36,"column":28},"end":{"line":36,"column":39}},"2":{"start":{"line":39,"column":2},"end":{"line":44,"column":9}},"3":{"start":{"line":40,"column":21},"end":{"line":42,"column":12}},"4":{"start":{"line":41,"column":6},"end":{"line":41,"column":53}},"5":{"start":{"line":41,"column":25},"end":{"line":41,"column":51}},"6":{"start":{"line":43,"column":4},"end":{"line":43,"column":41}},"7":{"start":{"line":43,"column":17},"end":{"line":43,"column":40}},"8":{"start":{"line":47,"column":21},"end":{"line":47,"column":73}},"9":{"start":{"line":47,"column":27},"end":{"line":47,"column":73}},"10":{"start":{"line":47,"column":46},"end":{"line":47,"column":72}},"11":{"start":{"line":48,"column":21},"end":{"line":49,"column":66}},"12":{"start":{"line":49,"column":4},"end":{"line":49,"column":66}},"13":{"start":{"line":49,"column":23},"end":{"line":49,"column":65}},"14":{"start":{"line":51,"column":16},"end":{"line":51,"column":29}},"15":{"start":{"line":53,"column":2},"end":{"line":172,"column":4}},"16":{"start":{"line":103,"column":26},"end":{"line":103,"column":59}},"17":{"start":{"line":159,"column":10},"end":{"line":168,"column":18}},"18":{"start":{"line":176,"column":24},"end":{"line":186,"column":1}}},"fnMap":{"0":{"name":"HeroSection","decl":{"start":{"line":5,"column":24},"end":{"line":5,"column":35}},"loc":{"start":{"line":5,"column":38},"end":{"line":173,"column":1}},"line":5},"1":{"name":"(anonymous_1)","decl":{"start":{"line":39,"column":12},"end":{"line":39,"column":13}},"loc":{"start":{"line":39,"column":18},"end":{"line":44,"column":3}},"line":39},"2":{"name":"(anonymous_2)","decl":{"start":{"line":40,"column":33},"end":{"line":40,"column":34}},"loc":{"start":{"line":40,"column":39},"end":{"line":42,"column":5}},"line":40},"3":{"name":"(anonymous_3)","decl":{"start":{"line":41,"column":15},"end":{"line":41,"column":16}},"loc":{"start":{"line":41,"column":25},"end":{"line":41,"column":51}},"line":41},"4":{"name":"(anonymous_4)","decl":{"start":{"line":43,"column":11},"end":{"line":43,"column":12}},"loc":{"start":{"line":43,"column":17},"end":{"line":43,"column":40}},"line":43},"5":{"name":"(anonymous_5)","decl":{"start":{"line":47,"column":21},"end":{"line":47,"column":22}},"loc":{"start":{"line":47,"column":27},"end":{"line":47,"column":73}},"line":47},"6":{"name":"(anonymous_6)","decl":{"start":{"line":47,"column":36},"end":{"line":47,"column":37}},"loc":{"start":{"line":47,"column":46},"end":{"line":47,"column":72}},"line":47},"7":{"name":"(anonymous_7)","decl":{"start":{"line":48,"column":21},"end":{"line":48,"column":22}},"loc":{"start":{"line":49,"column":4},"end":{"line":49,"column":66}},"line":49},"8":{"name":"(anonymous_8)","decl":{"start":{"line":49,"column":13},"end":{"line":49,"column":14}},"loc":{"start":{"line":49,"column":23},"end":{"line":49,"column":65}},"line":49},"9":{"name":"(anonymous_9)","decl":{"start":{"line":103,"column":19},"end":{"line":103,"column":20}},"loc":{"start":{"line":103,"column":26},"end":{"line":103,"column":59}},"line":103},"10":{"name":"(anonymous_10)","decl":{"start":{"line":158,"column":20},"end":{"line":158,"column":21}},"loc":{"start":{"line":159,"column":10},"end":{"line":168,"column":18}},"line":159}},"branchMap":{"0":{"loc":{"start":{"line":165,"column":31},"end":{"line":165,"column":80}},"type":"cond-expr","locations":[{"start":{"line":165,"column":45},"end":{"line":165,"column":54}},{"start":{"line":165,"column":57},"end":{"line":165,"column":80}}],"line":165}},"s":{"0":0,"1":0,"2":0,"3":0,"4":0,"5":0,"6":0,"7":0,"8":0,"9":0,"10":0,"11":0,"12":0,"13":0,"14":0,"15":0,"16":0,"17":0,"18":0},"f":{"0":0,"1":0,"2":0,"3":0,"4":0,"5":0,"6":0,"7":0,"8":0,"9":0,"10":0},"b":{"0":[0,0]}}
,"C:\\Users\\Usuario\\Desktop\\pasteleria-mil-sabores\\src\\components\\organisms\\Navbar.jsx": {"path":"C:\\Users\\Usuario\\Desktop\\pasteleria-mil-sabores\\src\\components\\organisms\\Navbar.jsx","statementMap":{"0":{"start":{"line":7,"column":27},"end":{"line":7,"column":36}},"1":{"start":{"line":8,"column":19},"end":{"line":8,"column":32}},"2":{"start":{"line":9,"column":36},"end":{"line":9,"column":47}},"3":{"start":{"line":11,"column":2},"end":{"line":31,"column":9}},"4":{"start":{"line":13,"column":24},"end":{"line":17,"column":5}},"5":{"start":{"line":14,"column":24},"end":{"line":14,"column":70}},"6":{"start":{"line":15,"column":20},"end":{"line":15,"column":75}},"7":{"start":{"line":15,"column":52},"end":{"line":15,"column":71}},"8":{"start":{"line":16,"column":6},"end":{"line":16,"column":26}},"9":{"start":{"line":20,"column":4},"end":{"line":20,"column":18}},"10":{"start":{"line":23,"column":4},"end":{"line":23,"column":56}},"11":{"start":{"line":24,"column":4},"end":{"line":24,"column":52}},"12":{"start":{"line":27,"column":4},"end":{"line":30,"column":6}},"13":{"start":{"line":28,"column":6},"end":{"line":28,"column":61}},"14":{"start":{"line":29,"column":6},"end":{"line":29,"column":57}},"15":{"start":{"line":33,"column":23},"end":{"line":36,"column":3}},"16":{"start":{"line":34,"column":4},"end":{"line":34,"column":13}},"17":{"start":{"line":35,"column":4},"end":{"line":35,"column":18}},"18":{"start":{"line":38,"column":2},"end":{"line":94,"column":4}}},"fnMap":{"0":{"name":"Navbar","decl":{"start":{"line":6,"column":24},"end":{"line":6,"column":30}},"loc":{"start":{"line":6,"column":33},"end":{"line":95,"column":1}},"line":6},"1":{"name":"(anonymous_1)","decl":{"start":{"line":11,"column":12},"end":{"line":11,"column":13}},"loc":{"start":{"line":11,"column":18},"end":{"line":31,"column":3}},"line":11},"2":{"name":"(anonymous_2)","decl":{"start":{"line":13,"column":24},"end":{"line":13,"column":25}},"loc":{"start":{"line":13,"column":30},"end":{"line":17,"column":5}},"line":13},"3":{"name":"(anonymous_3)","decl":{"start":{"line":15,"column":37},"end":{"line":15,"column":38}},"loc":{"start":{"line":15,"column":52},"end":{"line":15,"column":71}},"line":15},"4":{"name":"(anonymous_4)","decl":{"start":{"line":27,"column":11},"end":{"line":27,"column":12}},"loc":{"start":{"line":27,"column":17},"end":{"line":30,"column":5}},"line":27},"5":{"name":"(anonymous_5)","decl":{"start":{"line":33,"column":23},"end":{"line":33,"column":24}},"loc":{"start":{"line":33,"column":29},"end":{"line":36,"column":3}},"line":33}},"branchMap":{"0":{"loc":{"start":{"line":14,"column":24},"end":{"line":14,"column":70}},"type":"binary-expr","locations":[{"start":{"line":14,"column":24},"end":{"line":14,"column":64}},{"start":{"line":14,"column":68},"end":{"line":14,"column":70}}],"line":14},"1":{"loc":{"start":{"line":52,"column":13},"end":{"line":65,"column":13}},"type":"binary-expr","locations":[{"start":{"line":52,"column":13},"end":{"line":52,"column":26}},{"start":{"line":53,"column":14},"end":{"line":64,"column":21}}],"line":52},"2":{"loc":{"start":{"line":68,"column":11},"end":{"line":90,"column":11}},"type":"cond-expr","locations":[{"start":{"line":69,"column":12},"end":{"line":84,"column":15}},{"start":{"line":86,"column":12},"end":{"line":89,"column":15}}],"line":68}},"s":{"0":0,"1":0,"2":0,"3":0,"4":0,"5":0,"6":0,"7":0,"8":0,"9":0,"10":0,"11":0,"12":0,"13":0,"14":0,"15":0,"16":0,"17":0,"18":0},"f":{"0":0,"1":0,"2":0,"3":0,"4":0,"5":0},"b":{"0":[0,0],"1":[0,0],"2":[0,0]}}
,"C:\\Users\\Usuario\\Desktop\\pasteleria-mil-sabores\\src\\components\\organisms\\ProductGrid.jsx": {"path":"C:\\Users\\Usuario\\Desktop\\pasteleria-mil-sabores\\src\\components\\organisms\\ProductGrid.jsx","statementMap":{"0":{"start":{"line":6,"column":48},"end":{"line":6,"column":62}},"1":{"start":{"line":8,"column":28},"end":{"line":10,"column":3}},"2":{"start":{"line":9,"column":4},"end":{"line":9,"column":32}},"3":{"start":{"line":12,"column":24},"end":{"line":15,"column":3}},"4":{"start":{"line":13,"column":31},"end":{"line":13,"column":54}},"5":{"start":{"line":14,"column":4},"end":{"line":14,"column":30}},"6":{"start":{"line":17,"column":22},"end":{"line":17,"column":52}},"7":{"start":{"line":17,"column":28},"end":{"line":17,"column":52}},"8":{"start":{"line":19,"column":2},"end":{"line":20,"column":79}},"9":{"start":{"line":20,"column":4},"end":{"line":20,"column":79}},"10":{"start":{"line":22,"column":2},"end":{"line":52,"column":4}},"11":{"start":{"line":32,"column":10},"end":{"line":40,"column":12}},"12":{"start":{"line":38,"column":25},"end":{"line":38,"column":33}},"13":{"start":{"line":39,"column":33},"end":{"line":39,"column":53}}},"fnMap":{"0":{"name":"ProductGrid","decl":{"start":{"line":5,"column":24},"end":{"line":5,"column":35}},"loc":{"start":{"line":5,"column":57},"end":{"line":53,"column":1}},"line":5},"1":{"name":"(anonymous_1)","decl":{"start":{"line":8,"column":28},"end":{"line":8,"column":29}},"loc":{"start":{"line":8,"column":41},"end":{"line":10,"column":3}},"line":8},"2":{"name":"(anonymous_2)","decl":{"start":{"line":12,"column":24},"end":{"line":12,"column":25}},"loc":{"start":{"line":12,"column":46},"end":{"line":15,"column":3}},"line":12},"3":{"name":"(anonymous_3)","decl":{"start":{"line":17,"column":22},"end":{"line":17,"column":23}},"loc":{"start":{"line":17,"column":28},"end":{"line":17,"column":52}},"line":17},"4":{"name":"(anonymous_4)","decl":{"start":{"line":31,"column":22},"end":{"line":31,"column":23}},"loc":{"start":{"line":32,"column":10},"end":{"line":40,"column":12}},"line":32},"5":{"name":"(anonymous_5)","decl":{"start":{"line":38,"column":19},"end":{"line":38,"column":20}},"loc":{"start":{"line":38,"column":25},"end":{"line":38,"column":33}},"line":38},"6":{"name":"(anonymous_6)","decl":{"start":{"line":39,"column":27},"end":{"line":39,"column":28}},"loc":{"start":{"line":39,"column":33},"end":{"line":39,"column":53}},"line":39}},"branchMap":{"0":{"loc":{"start":{"line":19,"column":2},"end":{"line":20,"column":79}},"type":"if","locations":[{"start":{"line":19,"column":2},"end":{"line":20,"column":79}},{"start":{},"end":{}}],"line":19},"1":{"loc":{"start":{"line":44,"column":7},"end":{"line":50,"column":7}},"type":"binary-expr","locations":[{"start":{"line":44,"column":7},"end":{"line":44,"column":22}},{"start":{"line":45,"column":8},"end":{"line":49,"column":10}}],"line":44}},"s":{"0":0,"1":0,"2":0,"3":0,"4":0,"5":0,"6":0,"7":0,"8":0,"9":0,"10":0,"11":0,"12":0,"13":0},"f":{"0":0,"1":0,"2":0,"3":0,"4":0,"5":0,"6":0},"b":{"0":[0,0],"1":[0,0]}}
,"C:\\Users\\Usuario\\Desktop\\pasteleria-mil-sabores\\src\\components\\organisms\\RegisterForm.jsx": {"path":"C:\\Users\\Usuario\\Desktop\\pasteleria-mil-sabores\\src\\components\\organisms\\RegisterForm.jsx","statementMap":{"0":{"start":{"line":6,"column":26},"end":{"line":13,"column":4}},"1":{"start":{"line":15,"column":30},"end":{"line":15,"column":42}},"2":{"start":{"line":17,"column":23},"end":{"line":48,"column":3}},"3":{"start":{"line":18,"column":19},"end":{"line":18,"column":21}},"4":{"start":{"line":20,"column":4},"end":{"line":45,"column":5}},"5":{"start":{"line":22,"column":8},"end":{"line":23,"column":74}},"6":{"start":{"line":23,"column":10},"end":{"line":23,"column":74}},"7":{"start":{"line":24,"column":8},"end":{"line":24,"column":14}},"8":{"start":{"line":26,"column":8},"end":{"line":27,"column":72}},"9":{"start":{"line":27,"column":10},"end":{"line":27,"column":72}},"10":{"start":{"line":28,"column":8},"end":{"line":28,"column":14}},"11":{"start":{"line":30,"column":8},"end":{"line":30,"column":71}},"12":{"start":{"line":30,"column":20},"end":{"line":30,"column":71}},"13":{"start":{"line":31,"column":8},"end":{"line":31,"column":14}},"14":{"start":{"line":33,"column":8},"end":{"line":33,"column":82}},"15":{"start":{"line":33,"column":33},"end":{"line":33,"column":82}},"16":{"start":{"line":34,"column":8},"end":{"line":34,"column":14}},"17":{"start":{"line":36,"column":8},"end":{"line":37,"column":71}},"18":{"start":{"line":37,"column":10},"end":{"line":37,"column":71}},"19":{"start":{"line":38,"column":8},"end":{"line":38,"column":14}},"20":{"start":{"line":40,"column":8},"end":{"line":41,"column":53}},"21":{"start":{"line":41,"column":10},"end":{"line":41,"column":53}},"22":{"start":{"line":42,"column":8},"end":{"line":42,"column":14}},"23":{"start":{"line":44,"column":8},"end":{"line":44,"column":14}},"24":{"start":{"line":47,"column":4},"end":{"line":47,"column":57}},"25":{"start":{"line":47,"column":25},"end":{"line":47,"column":54}},"26":{"start":{"line":50,"column":23},"end":{"line":54,"column":3}},"27":{"start":{"line":51,"column":28},"end":{"line":51,"column":36}},"28":{"start":{"line":52,"column":4},"end":{"line":52,"column":40}},"29":{"start":{"line":53,"column":4},"end":{"line":53,"column":30}},"30":{"start":{"line":56,"column":23},"end":{"line":65,"column":3}},"31":{"start":{"line":57,"column":4},"end":{"line":57,"column":23}},"32":{"start":{"line":58,"column":27},"end":{"line":58,"column":78}},"33":{"start":{"line":58,"column":65},"end":{"line":58,"column":77}},"34":{"start":{"line":59,"column":25},"end":{"line":59,"column":81}},"35":{"start":{"line":59,"column":61},"end":{"line":59,"column":80}},"36":{"start":{"line":60,"column":4},"end":{"line":63,"column":5}},"37":{"start":{"line":61,"column":6},"end":{"line":61,"column":66}},"38":{"start":{"line":62,"column":6},"end":{"line":62,"column":13}},"39":{"start":{"line":64,"column":4},"end":{"line":64,"column":19}},"40":{"start":{"line":67,"column":2},"end":{"line":101,"column":4}},"41":{"start":{"line":81,"column":8},"end":{"line":94,"column":14}}},"fnMap":{"0":{"name":"RegisterForm","decl":{"start":{"line":5,"column":24},"end":{"line":5,"column":36}},"loc":{"start":{"line":5,"column":51},"end":{"line":102,"column":1}},"line":5},"1":{"name":"(anonymous_1)","decl":{"start":{"line":17,"column":23},"end":{"line":17,"column":24}},"loc":{"start":{"line":17,"column":40},"end":{"line":48,"column":3}},"line":17},"2":{"name":"(anonymous_2)","decl":{"start":{"line":47,"column":14},"end":{"line":47,"column":15}},"loc":{"start":{"line":47,"column":25},"end":{"line":47,"column":54}},"line":47},"3":{"name":"(anonymous_3)","decl":{"start":{"line":50,"column":23},"end":{"line":50,"column":24}},"loc":{"start":{"line":50,"column":30},"end":{"line":54,"column":3}},"line":50},"4":{"name":"(anonymous_4)","decl":{"start":{"line":56,"column":23},"end":{"line":56,"column":24}},"loc":{"start":{"line":56,"column":30},"end":{"line":65,"column":3}},"line":56},"5":{"name":"(anonymous_5)","decl":{"start":{"line":58,"column":54},"end":{"line":58,"column":55}},"loc":{"start":{"line":58,"column":65},"end":{"line":58,"column":77}},"line":58},"6":{"name":"(anonymous_6)","decl":{"start":{"line":59,"column":50},"end":{"line":59,"column":51}},"loc":{"start":{"line":59,"column":61},"end":{"line":59,"column":80}},"line":59},"7":{"name":"(anonymous_7)","decl":{"start":{"line":80,"column":12},"end":{"line":80,"column":13}},"loc":{"start":{"line":81,"column":8},"end":{"line":94,"column":14}},"line":81}},"branchMap":{"0":{"loc":{"start":{"line":20,"column":4},"end":{"line":45,"column":5}},"type":"switch","locations":[{"start":{"line":21,"column":6},"end":{"line":24,"column":14}},{"start":{"line":25,"column":6},"end":{"line":28,"column":14}},{"start":{"line":29,"column":6},"end":{"line":31,"column":14}},{"start":{"line":32,"column":6},"end":{"line":34,"column":14}},{"start":{"line":35,"column":6},"end":{"line":38,"column":14}},{"start":{"line":39,"column":6},"end":{"line":42,"column":14}},{"start":{"line":43,"column":6},"end":{"line":44,"column":14}}],"line":20},"1":{"loc":{"start":{"line":22,"column":8},"end":{"line":23,"column":74}},"type":"if","locations":[{"start":{"line":22,"column":8},"end":{"line":23,"column":74}},{"start":{},"end":{}}],"line":22},"2":{"loc":{"start":{"line":26,"column":8},"end":{"line":27,"column":72}},"type":"if","locations":[{"start":{"line":26,"column":8},"end":{"line":27,"column":72}},{"start":{},"end":{}}],"line":26},"3":{"loc":{"start":{"line":26,"column":12},"end":{"line":26,"column":52}},"type":"binary-expr","locations":[{"start":{"line":26,"column":12},"end":{"line":26,"column":28}},{"start":{"line":26,"column":32},"end":{"line":26,"column":52}}],"line":26},"4":{"loc":{"start":{"line":30,"column":8},"end":{"line":30,"column":71}},"type":"if","locations":[{"start":{"line":30,"column":8},"end":{"line":30,"column":71}},{"start":{},"end":{}}],"line":30},"5":{"loc":{"start":{"line":33,"column":8},"end":{"line":33,"column":82}},"type":"if","locations":[{"start":{"line":33,"column":8},"end":{"line":33,"column":82}},{"start":{},"end":{}}],"line":33},"6":{"loc":{"start":{"line":36,"column":8},"end":{"line":37,"column":71}},"type":"if","locations":[{"start":{"line":36,"column":8},"end":{"line":37,"column":71}},{"start":{},"end":{}}],"line":36},"7":{"loc":{"start":{"line":40,"column":8},"end":{"line":41,"column":53}},"type":"if","locations":[{"start":{"line":40,"column":8},"end":{"line":41,"column":53}},{"start":{},"end":{}}],"line":40},"8":{"loc":{"start":{"line":60,"column":4},"end":{"line":63,"column":5}},"type":"if","locations":[{"start":{"line":60,"column":4},"end":{"line":63,"column":5}},{"start":{},"end":{}}],"line":60},"9":{"loc":{"start":{"line":60,"column":8},"end":{"line":60,"column":38}},"type":"binary-expr","locations":[{"start":{"line":60,"column":8},"end":{"line":60,"column":22}},{"start":{"line":60,"column":26},"end":{"line":60,"column":38}}],"line":60},"10":{"loc":{"start":{"line":88,"column":23},"end":{"line":88,"column":62}},"type":"cond-expr","locations":[{"start":{"line":88,"column":44},"end":{"line":88,"column":57}},{"start":{"line":88,"column":60},"end":{"line":88,"column":62}}],"line":88},"11":{"loc":{"start":{"line":91,"column":11},"end":{"line":93,"column":11}},"type":"binary-expr","locations":[{"start":{"line":91,"column":11},"end":{"line":91,"column":29}},{"start":{"line":92,"column":12},"end":{"line":92,"column":70}}],"line":91}},"s":{"0":0,"1":0,"2":0,"3":0,"4":0,"5":0,"6":0,"7":0,"8":0,"9":0,"10":0,"11":0,"12":0,"13":0,"14":0,"15":0,"16":0,"17":0,"18":0,"19":0,"20":0,"21":0,"22":0,"23":0,"24":0,"25":0,"26":0,"27":0,"28":0,"29":0,"30":0,"31":0,"32":0,"33":0,"34":0,"35":0,"36":0,"37":0,"38":0,"39":0,"40":0,"41":0},"f":{"0":0,"1":0,"2":0,"3":0,"4":0,"5":0,"6":0,"7":0},"b":{"0":[0,0,0,0,0,0,0],"1":[0,0],"2":[0,0],"3":[0,0],"4":[0,0],"5":[0,0],"6":[0,0],"7":[0,0],"8":[0,0],"9":[0,0],"10":[0,0],"11":[0,0]}}
,"C:\\Users\\Usuario\\Desktop\\pasteleria-mil-sabores\\src\\components\\organisms\\ReviewsSection.jsx": {"path":"C:\\Users\\Usuario\\Desktop\\pasteleria-mil-sabores\\src\\components\\organisms\\ReviewsSection.jsx","statementMap":{"0":{"start":{"line":7,"column":18},"end":{"line":33,"column":3}},"1":{"start":{"line":35,"column":28},"end":{"line":35,"column":39}},"2":{"start":{"line":38,"column":2},"end":{"line":43,"column":9}},"3":{"start":{"line":39,"column":21},"end":{"line":41,"column":12}},"4":{"start":{"line":40,"column":6},"end":{"line":40,"column":54}},"5":{"start":{"line":40,"column":25},"end":{"line":40,"column":52}},"6":{"start":{"line":42,"column":4},"end":{"line":42,"column":41}},"7":{"start":{"line":42,"column":17},"end":{"line":42,"column":40}},"8":{"start":{"line":46,"column":21},"end":{"line":46,"column":74}},"9":{"start":{"line":46,"column":27},"end":{"line":46,"column":74}},"10":{"start":{"line":46,"column":46},"end":{"line":46,"column":73}},"11":{"start":{"line":47,"column":21},"end":{"line":48,"column":68}},"12":{"start":{"line":48,"column":4},"end":{"line":48,"column":68}},"13":{"start":{"line":48,"column":23},"end":{"line":48,"column":67}},"14":{"start":{"line":50,"column":17},"end":{"line":50,"column":31}},"15":{"start":{"line":52,"column":2},"end":{"line":177,"column":4}},"16":{"start":{"line":162,"column":10},"end":{"line":173,"column":18}}},"fnMap":{"0":{"name":"ReviewsSection","decl":{"start":{"line":6,"column":24},"end":{"line":6,"column":38}},"loc":{"start":{"line":6,"column":41},"end":{"line":178,"column":1}},"line":6},"1":{"name":"(anonymous_1)","decl":{"start":{"line":38,"column":12},"end":{"line":38,"column":13}},"loc":{"start":{"line":38,"column":18},"end":{"line":43,"column":3}},"line":38},"2":{"name":"(anonymous_2)","decl":{"start":{"line":39,"column":33},"end":{"line":39,"column":34}},"loc":{"start":{"line":39,"column":39},"end":{"line":41,"column":5}},"line":39},"3":{"name":"(anonymous_3)","decl":{"start":{"line":40,"column":15},"end":{"line":40,"column":16}},"loc":{"start":{"line":40,"column":25},"end":{"line":40,"column":52}},"line":40},"4":{"name":"(anonymous_4)","decl":{"start":{"line":42,"column":11},"end":{"line":42,"column":12}},"loc":{"start":{"line":42,"column":17},"end":{"line":42,"column":40}},"line":42},"5":{"name":"(anonymous_5)","decl":{"start":{"line":46,"column":21},"end":{"line":46,"column":22}},"loc":{"start":{"line":46,"column":27},"end":{"line":46,"column":74}},"line":46},"6":{"name":"(anonymous_6)","decl":{"start":{"line":46,"column":36},"end":{"line":46,"column":37}},"loc":{"start":{"line":46,"column":46},"end":{"line":46,"column":73}},"line":46},"7":{"name":"(anonymous_7)","decl":{"start":{"line":47,"column":21},"end":{"line":47,"column":22}},"loc":{"start":{"line":48,"column":4},"end":{"line":48,"column":68}},"line":48},"8":{"name":"(anonymous_8)","decl":{"start":{"line":48,"column":13},"end":{"line":48,"column":14}},"loc":{"start":{"line":48,"column":23},"end":{"line":48,"column":67}},"line":48},"9":{"name":"(anonymous_9)","decl":{"start":{"line":161,"column":21},"end":{"line":161,"column":22}},"loc":{"start":{"line":162,"column":10},"end":{"line":173,"column":18}},"line":162}},"branchMap":{"0":{"loc":{"start":{"line":168,"column":31},"end":{"line":168,"column":63}},"type":"cond-expr","locations":[{"start":{"line":168,"column":45},"end":{"line":168,"column":54}},{"start":{"line":168,"column":57},"end":{"line":168,"column":63}}],"line":168}},"s":{"0":0,"1":0,"2":0,"3":0,"4":0,"5":0,"6":0,"7":0,"8":0,"9":0,"10":0,"11":0,"12":0,"13":0,"14":0,"15":0,"16":0},"f":{"0":0,"1":0,"2":0,"3":0,"4":0,"5":0,"6":0,"7":0,"8":0,"9":0},"b":{"0":[0,0]}}
,"C:\\Users\\Usuario\\Desktop\\pasteleria-mil-sabores\\src\\components\\pages\\Carrito.jsx": {"path":"C:\\Users\\Usuario\\Desktop\\pasteleria-mil-sabores\\src\\components\\pages\\Carrito.jsx","statementMap":{"0":{"start":{"line":6,"column":19},"end":{"line":6,"column":32}},"1":{"start":{"line":8,"column":25},"end":{"line":10,"column":3}},"2":{"start":{"line":9,"column":4},"end":{"line":9,"column":26}},"3":{"start":{"line":12,"column":2},"end":{"line":16,"column":4}}},"fnMap":{"0":{"name":"Carrito","decl":{"start":{"line":5,"column":24},"end":{"line":5,"column":31}},"loc":{"start":{"line":5,"column":34},"end":{"line":17,"column":1}},"line":5},"1":{"name":"(anonymous_1)","decl":{"start":{"line":8,"column":25},"end":{"line":8,"column":26}},"loc":{"start":{"line":8,"column":31},"end":{"line":10,"column":3}},"line":8}},"branchMap":{},"s":{"0":0,"1":0,"2":0,"3":0},"f":{"0":0,"1":0},"b":{}}
,"C:\\Users\\Usuario\\Desktop\\pasteleria-mil-sabores\\src\\components\\pages\\Catalogo.jsx": {"path":"C:\\Users\\Usuario\\Desktop\\pasteleria-mil-sabores\\src\\components\\pages\\Catalogo.jsx","statementMap":{"0":{"start":{"line":9,"column":30},"end":{"line":9,"column":42}},"1":{"start":{"line":10,"column":34},"end":{"line":10,"column":46}},"2":{"start":{"line":11,"column":26},"end":{"line":14,"column":4}},"3":{"start":{"line":12,"column":18},"end":{"line":12,"column":46}},"4":{"start":{"line":13,"column":4},"end":{"line":13,"column":42}},"5":{"start":{"line":17,"column":2},"end":{"line":19,"column":13}},"6":{"start":{"line":18,"column":4},"end":{"line":18,"column":55}},"7":{"start":{"line":21,"column":20},"end":{"line":33,"column":3}},"8":{"start":{"line":22,"column":21},"end":{"line":22,"column":64}},"9":{"start":{"line":22,"column":41},"end":{"line":22,"column":63}},"10":{"start":{"line":23,"column":20},"end":{"line":29,"column":46}},"11":{"start":{"line":25,"column":10},"end":{"line":27,"column":18}},"12":{"start":{"line":31,"column":4},"end":{"line":31,"column":21}},"13":{"start":{"line":32,"column":4},"end":{"line":32,"column":52}},"14":{"start":{"line":35,"column":23},"end":{"line":35,"column":53}},"15":{"start":{"line":35,"column":29},"end":{"line":35,"column":53}},"16":{"start":{"line":38,"column":27},"end":{"line":42,"column":3}},"17":{"start":{"line":40,"column":6},"end":{"line":41,"column":50}},"18":{"start":{"line":45,"column":21},"end":{"line":45,"column":66}},"19":{"start":{"line":45,"column":53},"end":{"line":45,"column":63}},"20":{"start":{"line":47,"column":2},"end":{"line":65,"column":4}},"21":{"start":{"line":53,"column":25},"end":{"line":53,"column":50}},"22":{"start":{"line":60,"column":25},"end":{"line":60,"column":52}}},"fnMap":{"0":{"name":"Catalogo","decl":{"start":{"line":8,"column":24},"end":{"line":8,"column":32}},"loc":{"start":{"line":8,"column":35},"end":{"line":66,"column":1}},"line":8},"1":{"name":"(anonymous_1)","decl":{"start":{"line":11,"column":35},"end":{"line":11,"column":36}},"loc":{"start":{"line":11,"column":41},"end":{"line":14,"column":3}},"line":11},"2":{"name":"(anonymous_2)","decl":{"start":{"line":17,"column":12},"end":{"line":17,"column":13}},"loc":{"start":{"line":17,"column":18},"end":{"line":19,"column":3}},"line":17},"3":{"name":"(anonymous_3)","decl":{"start":{"line":21,"column":20},"end":{"line":21,"column":21}},"loc":{"start":{"line":21,"column":33},"end":{"line":33,"column":3}},"line":21},"4":{"name":"(anonymous_4)","decl":{"start":{"line":22,"column":31},"end":{"line":22,"column":32}},"loc":{"start":{"line":22,"column":41},"end":{"line":22,"column":63}},"line":22},"5":{"name":"(anonymous_5)","decl":{"start":{"line":24,"column":17},"end":{"line":24,"column":18}},"loc":{"start":{"line":25,"column":10},"end":{"line":27,"column":18}},"line":25},"6":{"name":"(anonymous_6)","decl":{"start":{"line":35,"column":23},"end":{"line":35,"column":24}},"loc":{"start":{"line":35,"column":29},"end":{"line":35,"column":53}},"line":35},"7":{"name":"(anonymous_7)","decl":{"start":{"line":39,"column":4},"end":{"line":39,"column":5}},"loc":{"start":{"line":40,"column":6},"end":{"line":41,"column":50}},"line":40},"8":{"name":"(anonymous_8)","decl":{"start":{"line":45,"column":46},"end":{"line":45,"column":47}},"loc":{"start":{"line":45,"column":53},"end":{"line":45,"column":63}},"line":45},"9":{"name":"(anonymous_9)","decl":{"start":{"line":53,"column":18},"end":{"line":53,"column":19}},"loc":{"start":{"line":53,"column":25},"end":{"line":53,"column":50}},"line":53},"10":{"name":"(anonymous_10)","decl":{"start":{"line":60,"column":18},"end":{"line":60,"column":19}},"loc":{"start":{"line":60,"column":25},"end":{"line":60,"column":52}},"line":60}},"branchMap":{"0":{"loc":{"start":{"line":13,"column":11},"end":{"line":13,"column":41}},"type":"cond-expr","locations":[{"start":{"line":13,"column":19},"end":{"line":13,"column":36}},{"start":{"line":13,"column":39},"end":{"line":13,"column":41}}],"line":13},"1":{"loc":{"start":{"line":23,"column":20},"end":{"line":29,"column":46}},"type":"cond-expr","locations":[{"start":{"line":24,"column":8},"end":{"line":28,"column":9}},{"start":{"line":29,"column":8},"end":{"line":29,"column":46}}],"line":23},"2":{"loc":{"start":{"line":25,"column":10},"end":{"line":27,"column":18}},"type":"cond-expr","locations":[{"start":{"line":26,"column":14},"end":{"line":26,"column":54}},{"start":{"line":27,"column":14},"end":{"line":27,"column":18}}],"line":25},"3":{"loc":{"start":{"line":40,"column":6},"end":{"line":41,"column":50}},"type":"binary-expr","locations":[{"start":{"line":40,"column":6},"end":{"line":40,"column":57}},{"start":{"line":41,"column":7},"end":{"line":41,"column":22}},{"start":{"line":41,"column":26},"end":{"line":41,"column":49}}],"line":40}},"s":{"0":0,"1":0,"2":0,"3":0,"4":0,"5":0,"6":0,"7":0,"8":0,"9":0,"10":0,"11":0,"12":0,"13":0,"14":0,"15":0,"16":0,"17":0,"18":0,"19":0,"20":0,"21":0,"22":0},"f":{"0":0,"1":0,"2":0,"3":0,"4":0,"5":0,"6":0,"7":0,"8":0,"9":0,"10":0},"b":{"0":[0,0],"1":[0,0],"2":[0,0],"3":[0,0,0]}}
,"C:\\Users\\Usuario\\Desktop\\pasteleria-mil-sabores\\src\\components\\pages\\Checkout.jsx": {"path":"C:\\Users\\Usuario\\Desktop\\pasteleria-mil-sabores\\src\\components\\pages\\Checkout.jsx","statementMap":{"0":{"start":{"line":7,"column":26},"end":{"line":7,"column":38}},"1":{"start":{"line":8,"column":26},"end":{"line":14,"column":4}},"2":{"start":{"line":15,"column":30},"end":{"line":15,"column":44}},"3":{"start":{"line":16,"column":30},"end":{"line":16,"column":59}},"4":{"start":{"line":18,"column":2},"end":{"line":21,"column":9}},"5":{"start":{"line":19,"column":22},"end":{"line":19,"column":68}},"6":{"start":{"line":20,"column":4},"end":{"line":20,"column":23}},"7":{"start":{"line":23,"column":23},"end":{"line":25,"column":3}},"8":{"start":{"line":24,"column":4},"end":{"line":24,"column":58}},"9":{"start":{"line":27,"column":23},"end":{"line":69,"column":3}},"10":{"start":{"line":28,"column":4},"end":{"line":28,"column":23}},"11":{"start":{"line":30,"column":4},"end":{"line":39,"column":5}},"12":{"start":{"line":37,"column":6},"end":{"line":37,"column":71}},"13":{"start":{"line":38,"column":6},"end":{"line":38,"column":13}},"14":{"start":{"line":41,"column":21},"end":{"line":41,"column":84}},"15":{"start":{"line":41,"column":48},"end":{"line":41,"column":80}},"16":{"start":{"line":42,"column":24},"end":{"line":42,"column":62}},"17":{"start":{"line":44,"column":24},"end":{"line":52,"column":5}},"18":{"start":{"line":55,"column":27},"end":{"line":55,"column":76}},"19":{"start":{"line":56,"column":4},"end":{"line":56,"column":37}},"20":{"start":{"line":57,"column":4},"end":{"line":57,"column":68}},"21":{"start":{"line":60,"column":4},"end":{"line":60,"column":27}},"22":{"start":{"line":61,"column":4},"end":{"line":61,"column":35}},"23":{"start":{"line":64,"column":4},"end":{"line":64,"column":36}},"24":{"start":{"line":65,"column":4},"end":{"line":65,"column":51}},"25":{"start":{"line":68,"column":4},"end":{"line":68,"column":62}},"26":{"start":{"line":68,"column":21},"end":{"line":68,"column":54}},"27":{"start":{"line":71,"column":2},"end":{"line":145,"column":3}},"28":{"start":{"line":72,"column":4},"end":{"line":144,"column":6}},"29":{"start":{"line":106,"column":14},"end":{"line":109,"column":19}},"30":{"start":{"line":132,"column":27},"end":{"line":132,"column":54}},"31":{"start":{"line":147,"column":2},"end":{"line":201,"column":4}}},"fnMap":{"0":{"name":"Checkout","decl":{"start":{"line":6,"column":24},"end":{"line":6,"column":32}},"loc":{"start":{"line":6,"column":35},"end":{"line":202,"column":1}},"line":6},"1":{"name":"(anonymous_1)","decl":{"start":{"line":18,"column":12},"end":{"line":18,"column":13}},"loc":{"start":{"line":18,"column":18},"end":{"line":21,"column":3}},"line":18},"2":{"name":"(anonymous_2)","decl":{"start":{"line":23,"column":23},"end":{"line":23,"column":24}},"loc":{"start":{"line":23,"column":30},"end":{"line":25,"column":3}},"line":23},"3":{"name":"(anonymous_3)","decl":{"start":{"line":27,"column":23},"end":{"line":27,"column":24}},"loc":{"start":{"line":27,"column":30},"end":{"line":69,"column":3}},"line":27},"4":{"name":"(anonymous_4)","decl":{"start":{"line":41,"column":33},"end":{"line":41,"column":34}},"loc":{"start":{"line":41,"column":48},"end":{"line":41,"column":80}},"line":41},"5":{"name":"(anonymous_5)","decl":{"start":{"line":68,"column":15},"end":{"line":68,"column":16}},"loc":{"start":{"line":68,"column":21},"end":{"line":68,"column":54}},"line":68},"6":{"name":"(anonymous_6)","decl":{"start":{"line":105,"column":34},"end":{"line":105,"column":35}},"loc":{"start":{"line":106,"column":14},"end":{"line":109,"column":19}},"line":106},"7":{"name":"(anonymous_7)","decl":{"start":{"line":132,"column":21},"end":{"line":132,"column":22}},"loc":{"start":{"line":132,"column":27},"end":{"line":132,"column":54}},"line":132}},"branchMap":{"0":{"loc":{"start":{"line":19,"column":22},"end":{"line":19,"column":68}},"type":"binary-expr","locations":[{"start":{"line":19,"column":22},"end":{"line":19,"column":62}},{"start":{"line":19,"column":66},"end":{"line":19,"column":68}}],"line":19},"1":{"loc":{"start":{"line":30,"column":4},"end":{"line":39,"column":5}},"type":"if","locations":[{"start":{"line":30,"column":4},"end":{"line":39,"column":5}},{"start":{},"end":{}}],"line":30},"2":{"loc":{"start":{"line":31,"column":6},"end":{"line":35,"column":20}},"type":"binary-expr","locations":[{"start":{"line":31,"column":6},"end":{"line":31,"column":18}},{"start":{"line":32,"column":6},"end":{"line":32,"column":21}},{"start":{"line":33,"column":6},"end":{"line":33,"column":18}},{"start":{"line":34,"column":6},"end":{"line":34,"column":24}},{"start":{"line":35,"column":6},"end":{"line":35,"column":20}}],"line":31},"3":{"loc":{"start":{"line":55,"column":27},"end":{"line":55,"column":76}},"type":"binary-expr","locations":[{"start":{"line":55,"column":27},"end":{"line":55,"column":70}},{"start":{"line":55,"column":74},"end":{"line":55,"column":76}}],"line":55},"4":{"loc":{"start":{"line":71,"column":2},"end":{"line":145,"column":3}},"type":"if","locations":[{"start":{"line":71,"column":2},"end":{"line":145,"column":3}},{"start":{},"end":{}}],"line":71},"5":{"loc":{"start":{"line":156,"column":9},"end":{"line":198,"column":9}},"type":"cond-expr","locations":[{"start":{"line":157,"column":10},"end":{"line":157,"column":76}},{"start":{"line":159,"column":10},"end":{"line":197,"column":17}}],"line":156}},"s":{"0":0,"1":0,"2":0,"3":0,"4":0,"5":0,"6":0,"7":0,"8":0,"9":0,"10":0,"11":0,"12":0,"13":0,"14":0,"15":0,"16":0,"17":0,"18":0,"19":0,"20":0,"21":0,"22":0,"23":0,"24":0,"25":0,"26":0,"27":0,"28":0,"29":0,"30":0,"31":0},"f":{"0":0,"1":0,"2":0,"3":0,"4":0,"5":0,"6":0,"7":0},"b":{"0":[0,0],"1":[0,0],"2":[0,0,0,0,0],"3":[0,0],"4":[0,0],"5":[0,0]}}
,"C:\\Users\\Usuario\\Desktop\\pasteleria-mil-sabores\\src\\components\\pages\\Home.jsx": {"path":"C:\\Users\\Usuario\\Desktop\\pasteleria-mil-sabores\\src\\components\\pages\\Home.jsx","statementMap":{"0":{"start":{"line":8,"column":2},"end":{"line":25,"column":4}}},"fnMap":{"0":{"name":"Home","decl":{"start":{"line":7,"column":24},"end":{"line":7,"column":28}},"loc":{"start":{"line":7,"column":31},"end":{"line":26,"column":1}},"line":7}},"branchMap":{},"s":{"0":0},"f":{"0":0},"b":{}}
,"C:\\Users\\Usuario\\Desktop\\pasteleria-mil-sabores\\src\\components\\pages\\Login.jsx": {"path":"C:\\Users\\Usuario\\Desktop\\pasteleria-mil-sabores\\src\\components\\pages\\Login.jsx","statementMap":{"0":{"start":{"line":10,"column":20},"end":{"line":10,"column":29}},"1":{"start":{"line":11,"column":19},"end":{"line":11,"column":32}},"2":{"start":{"line":12,"column":26},"end":{"line":12,"column":63}},"3":{"start":{"line":13,"column":28},"end":{"line":13,"column":40}},"4":{"start":{"line":15,"column":23},"end":{"line":15,"column":83}},"5":{"start":{"line":15,"column":30},"end":{"line":15,"column":83}},"6":{"start":{"line":17,"column":23},"end":{"line":22,"column":3}},"7":{"start":{"line":18,"column":4},"end":{"line":18,"column":23}},"8":{"start":{"line":19,"column":19},"end":{"line":19,"column":51}},"9":{"start":{"line":20,"column":4},"end":{"line":21,"column":30}},"10":{"start":{"line":20,"column":19},"end":{"line":20,"column":39}},"11":{"start":{"line":21,"column":9},"end":{"line":21,"column":30}},"12":{"start":{"line":24,"column":2},"end":{"line":52,"column":4}}},"fnMap":{"0":{"name":"Login","decl":{"start":{"line":9,"column":24},"end":{"line":9,"column":29}},"loc":{"start":{"line":9,"column":32},"end":{"line":53,"column":1}},"line":9},"1":{"name":"(anonymous_1)","decl":{"start":{"line":15,"column":23},"end":{"line":15,"column":24}},"loc":{"start":{"line":15,"column":30},"end":{"line":15,"column":83}},"line":15},"2":{"name":"(anonymous_2)","decl":{"start":{"line":17,"column":23},"end":{"line":17,"column":24}},"loc":{"start":{"line":17,"column":30},"end":{"line":22,"column":3}},"line":17}},"branchMap":{"0":{"loc":{"start":{"line":20,"column":4},"end":{"line":21,"column":30}},"type":"if","locations":[{"start":{"line":20,"column":4},"end":{"line":21,"column":30}},{"start":{"line":21,"column":9},"end":{"line":21,"column":30}}],"line":20},"1":{"loc":{"start":{"line":32,"column":9},"end":{"line":32,"column":63}},"type":"binary-expr","locations":[{"start":{"line":32,"column":9},"end":{"line":32,"column":14}},{"start":{"line":32,"column":18},"end":{"line":32,"column":63}}],"line":32}},"s":{"0":0,"1":0,"2":0,"3":0,"4":0,"5":0,"6":0,"7":0,"8":0,"9":0,"10":0,"11":0,"12":0},"f":{"0":0,"1":0,"2":0},"b":{"0":[0,0],"1":[0,0]}}
,"C:\\Users\\Usuario\\Desktop\\pasteleria-mil-sabores\\src\\components\\pages\\Perfil.jsx": {"path":"C:\\Users\\Usuario\\Desktop\\pasteleria-mil-sabores\\src\\components\\pages\\Perfil.jsx","statementMap":{"0":{"start":{"line":10,"column":27},"end":{"line":10,"column":36}},"1":{"start":{"line":11,"column":26},"end":{"line":11,"column":46}},"2":{"start":{"line":12,"column":32},"end":{"line":12,"column":44}},"3":{"start":{"line":13,"column":36},"end":{"line":13,"column":48}},"4":{"start":{"line":15,"column":2},"end":{"line":20,"column":13}},"5":{"start":{"line":16,"column":4},"end":{"line":19,"column":5}},"6":{"start":{"line":17,"column":6},"end":{"line":17,"column":20}},"7":{"start":{"line":18,"column":6},"end":{"line":18,"column":31}},"8":{"start":{"line":22,"column":29},"end":{"line":26,"column":1}},"9":{"start":{"line":23,"column":16},"end":{"line":23,"column":21}},"10":{"start":{"line":24,"column":24},"end":{"line":24,"column":57}},"11":{"start":{"line":25,"column":2},"end":{"line":25,"column":26}},"12":{"start":{"line":29,"column":23},"end":{"line":31,"column":3}},"13":{"start":{"line":30,"column":4},"end":{"line":30,"column":58}},"14":{"start":{"line":33,"column":21},"end":{"line":39,"column":3}},"15":{"start":{"line":35,"column":4},"end":{"line":35,"column":58}},"16":{"start":{"line":36,"column":4},"end":{"line":36,"column":63}},"17":{"start":{"line":37,"column":4},"end":{"line":37,"column":54}},"18":{"start":{"line":38,"column":4},"end":{"line":38,"column":29}},"19":{"start":{"line":41,"column":2},"end":{"line":47,"column":3}},"20":{"start":{"line":42,"column":4},"end":{"line":46,"column":6}},"21":{"start":{"line":49,"column":2},"end":{"line":94,"column":4}}},"fnMap":{"0":{"name":"Perfil","decl":{"start":{"line":9,"column":24},"end":{"line":9,"column":30}},"loc":{"start":{"line":9,"column":33},"end":{"line":95,"column":1}},"line":9},"1":{"name":"(anonymous_1)","decl":{"start":{"line":15,"column":12},"end":{"line":15,"column":13}},"loc":{"start":{"line":15,"column":18},"end":{"line":20,"column":3}},"line":15},"2":{"name":"(anonymous_2)","decl":{"start":{"line":22,"column":29},"end":{"line":22,"column":30}},"loc":{"start":{"line":22,"column":42},"end":{"line":26,"column":1}},"line":22},"3":{"name":"(anonymous_3)","decl":{"start":{"line":29,"column":23},"end":{"line":29,"column":24}},"loc":{"start":{"line":29,"column":30},"end":{"line":31,"column":3}},"line":29},"4":{"name":"(anonymous_4)","decl":{"start":{"line":33,"column":21},"end":{"line":33,"column":22}},"loc":{"start":{"line":33,"column":27},"end":{"line":39,"column":3}},"line":33}},"branchMap":{"0":{"loc":{"start":{"line":11,"column":35},"end":{"line":11,"column":45}},"type":"binary-expr","locations":[{"start":{"line":11,"column":35},"end":{"line":11,"column":39}},{"start":{"line":11,"column":43},"end":{"line":11,"column":45}}],"line":11},"1":{"loc":{"start":{"line":16,"column":4},"end":{"line":19,"column":5}},"type":"if","locations":[{"start":{"line":16,"column":4},"end":{"line":19,"column":5}},{"start":{},"end":{}}],"line":16},"2":{"loc":{"start":{"line":41,"column":2},"end":{"line":47,"column":3}},"type":"if","locations":[{"start":{"line":41,"column":2},"end":{"line":47,"column":3}},{"start":{},"end":{}}],"line":41},"3":{"loc":{"start":{"line":53,"column":7},"end":{"line":53,"column":67}},"type":"binary-expr","locations":[{"start":{"line":53,"column":7},"end":{"line":53,"column":14}},{"start":{"line":53,"column":18},"end":{"line":53,"column":67}}],"line":53},"4":{"loc":{"start":{"line":58,"column":17},"end":{"line":58,"column":34}},"type":"binary-expr","locations":[{"start":{"line":58,"column":17},"end":{"line":58,"column":28}},{"start":{"line":58,"column":32},"end":{"line":58,"column":34}}],"line":58},"5":{"loc":{"start":{"line":65,"column":17},"end":{"line":65,"column":34}},"type":"binary-expr","locations":[{"start":{"line":65,"column":17},"end":{"line":65,"column":28}},{"start":{"line":65,"column":32},"end":{"line":65,"column":34}}],"line":65},"6":{"loc":{"start":{"line":72,"column":17},"end":{"line":72,"column":43}},"type":"binary-expr","locations":[{"start":{"line":72,"column":17},"end":{"line":72,"column":37}},{"start":{"line":72,"column":41},"end":{"line":72,"column":43}}],"line":72},"7":{"loc":{"start":{"line":78,"column":17},"end":{"line":78,"column":37}},"type":"binary-expr","locations":[{"start":{"line":78,"column":17},"end":{"line":78,"column":31}},{"start":{"line":78,"column":35},"end":{"line":78,"column":37}}],"line":78}},"s":{"0":0,"1":0,"2":0,"3":0,"4":0,"5":0,"6":0,"7":0,"8":0,"9":0,"10":0,"11":0,"12":0,"13":0,"14":0,"15":0,"16":0,"17":0,"18":0,"19":0,"20":0,"21":0},"f":{"0":0,"1":0,"2":0,"3":0,"4":0},"b":{"0":[0,0],"1":[0,0],"2":[0,0],"3":[0,0],"4":[0,0],"5":[0,0],"6":[0,0],"7":[0,0]}}
,"C:\\Users\\Usuario\\Desktop\\pasteleria-mil-sabores\\src\\components\\pages\\Registro.jsx": {"path":"C:\\Users\\Usuario\\Desktop\\pasteleria-mil-sabores\\src\\components\\pages\\Registro.jsx","statementMap":{"0":{"start":{"line":7,"column":19},"end":{"line":7,"column":32}},"1":{"start":{"line":9,"column":25},"end":{"line":28,"column":3}},"2":{"start":{"line":11,"column":4},"end":{"line":11,"column":58}},"3":{"start":{"line":14,"column":4},"end":{"line":27,"column":7}},"4":{"start":{"line":26,"column":6},"end":{"line":26,"column":25}},"5":{"start":{"line":30,"column":2},"end":{"line":68,"column":4}}},"fnMap":{"0":{"name":"Registro","decl":{"start":{"line":6,"column":24},"end":{"line":6,"column":32}},"loc":{"start":{"line":6,"column":35},"end":{"line":69,"column":1}},"line":6},"1":{"name":"(anonymous_1)","decl":{"start":{"line":9,"column":25},"end":{"line":9,"column":26}},"loc":{"start":{"line":9,"column":35},"end":{"line":28,"column":3}},"line":9},"2":{"name":"(anonymous_2)","decl":{"start":{"line":25,"column":12},"end":{"line":25,"column":13}},"loc":{"start":{"line":25,"column":18},"end":{"line":27,"column":5}},"line":25}},"branchMap":{},"s":{"0":0,"1":0,"2":0,"3":0,"4":0,"5":0},"f":{"0":0,"1":0,"2":0},"b":{}}
,"C:\\Users\\Usuario\\Desktop\\pasteleria-mil-sabores\\src\\components\\routes\\ProtectedRoute.jsx": {"path":"C:\\Users\\Usuario\\Desktop\\pasteleria-mil-sabores\\src\\components\\routes\\ProtectedRoute.jsx","statementMap":{"0":{"start":{"line":5,"column":19},"end":{"line":5,"column":28}},"1":{"start":{"line":6,"column":2},"end":{"line":6,"column":60}}},"fnMap":{"0":{"name":"ProtectedRoute","decl":{"start":{"line":4,"column":24},"end":{"line":4,"column":38}},"loc":{"start":{"line":4,"column":53},"end":{"line":7,"column":1}},"line":4}},"branchMap":{"0":{"loc":{"start":{"line":6,"column":9},"end":{"line":6,"column":59}},"type":"cond-expr","locations":[{"start":{"line":6,"column":16},"end":{"line":6,"column":24}},{"start":{"line":6,"column":27},"end":{"line":6,"column":59}}],"line":6}},"s":{"0":0,"1":0},"f":{"0":0},"b":{"0":[0,0]}}
,"C:\\Users\\Usuario\\Desktop\\pasteleria-mil-sabores\\src\\components\\templates\\DefaultLayout.jsx": {"path":"C:\\Users\\Usuario\\Desktop\\pasteleria-mil-sabores\\src\\components\\templates\\DefaultLayout.jsx","statementMap":{"0":{"start":{"line":6,"column":2},"end":{"line":14,"column":4}}},"fnMap":{"0":{"name":"DefaultLayout","decl":{"start":{"line":5,"column":24},"end":{"line":5,"column":37}},"loc":{"start":{"line":5,"column":52},"end":{"line":15,"column":1}},"line":5}},"branchMap":{},"s":{"0":0},"f":{"0":0},"b":{}}
,"C:\\Users\\Usuario\\Desktop\\pasteleria-mil-sabores\\src\\components\\templates\\TwoColumnLayout.jsx": {"path":"C:\\Users\\Usuario\\Desktop\\pasteleria-mil-sabores\\src\\components\\templates\\TwoColumnLayout.jsx","statementMap":{"0":{"start":{"line":6,"column":2},"end":{"line":23,"column":4}}},"fnMap":{"0":{"name":"TwoColumnLayout","decl":{"start":{"line":5,"column":24},"end":{"line":5,"column":39}},"loc":{"start":{"line":5,"column":57},"end":{"line":24,"column":1}},"line":5}},"branchMap":{},"s":{"0":0},"f":{"0":0},"b":{}}
,"C:\\Users\\Usuario\\Desktop\\pasteleria-mil-sabores\\src\\context\\AuthContext.jsx": {"path":"C:\\Users\\Usuario\\Desktop\\pasteleria-mil-sabores\\src\\context\\AuthContext.jsx","statementMap":{"0":{"start":{"line":5,"column":27},"end":{"line":5,"column":42}},"1":{"start":{"line":8,"column":23},"end":{"line":8,"column":52}},"2":{"start":{"line":8,"column":29},"end":{"line":8,"column":52}},"3":{"start":{"line":12,"column":26},"end":{"line":12,"column":40}},"4":{"start":{"line":15,"column":2},"end":{"line":18,"column":9}},"5":{"start":{"line":16,"column":22},"end":{"line":16,"column":58}},"6":{"start":{"line":17,"column":4},"end":{"line":17,"column":50}},"7":{"start":{"line":17,"column":19},"end":{"line":17,"column":50}},"8":{"start":{"line":21,"column":16},"end":{"line":31,"column":3}},"9":{"start":{"line":22,"column":21},"end":{"line":22,"column":64}},"10":{"start":{"line":24,"column":4},"end":{"line":28,"column":5}},"11":{"start":{"line":25,"column":6},"end":{"line":25,"column":69}},"12":{"start":{"line":26,"column":6},"end":{"line":26,"column":24}},"13":{"start":{"line":27,"column":6},"end":{"line":27,"column":26}},"14":{"start":{"line":30,"column":4},"end":{"line":30,"column":64}},"15":{"start":{"line":34,"column":17},"end":{"line":37,"column":3}},"16":{"start":{"line":35,"column":4},"end":{"line":35,"column":44}},"17":{"start":{"line":36,"column":4},"end":{"line":36,"column":18}},"18":{"start":{"line":40,"column":2},"end":{"line":44,"column":4}}},"fnMap":{"0":{"name":"(anonymous_0)","decl":{"start":{"line":8,"column":23},"end":{"line":8,"column":24}},"loc":{"start":{"line":8,"column":29},"end":{"line":8,"column":52}},"line":8},"1":{"name":"AuthProvider","decl":{"start":{"line":11,"column":9},"end":{"line":11,"column":21}},"loc":{"start":{"line":11,"column":36},"end":{"line":45,"column":1}},"line":11},"2":{"name":"(anonymous_2)","decl":{"start":{"line":15,"column":12},"end":{"line":15,"column":13}},"loc":{"start":{"line":15,"column":18},"end":{"line":18,"column":3}},"line":15},"3":{"name":"(anonymous_3)","decl":{"start":{"line":21,"column":16},"end":{"line":21,"column":17}},"loc":{"start":{"line":21,"column":37},"end":{"line":31,"column":3}},"line":21},"4":{"name":"(anonymous_4)","decl":{"start":{"line":34,"column":17},"end":{"line":34,"column":18}},"loc":{"start":{"line":34,"column":23},"end":{"line":37,"column":3}},"line":34}},"branchMap":{"0":{"loc":{"start":{"line":17,"column":4},"end":{"line":17,"column":50}},"type":"if","locations":[{"start":{"line":17,"column":4},"end":{"line":17,"column":50}},{"start":{},"end":{}}],"line":17},"1":{"loc":{"start":{"line":24,"column":4},"end":{"line":28,"column":5}},"type":"if","locations":[{"start":{"line":24,"column":4},"end":{"line":28,"column":5}},{"start":{},"end":{}}],"line":24},"2":{"loc":{"start":{"line":24,"column":8},"end":{"line":24,"column":79}},"type":"binary-expr","locations":[{"start":{"line":24,"column":8},"end":{"line":24,"column":16}},{"start":{"line":24,"column":20},"end":{"line":24,"column":45}},{"start":{"line":24,"column":49},"end":{"line":24,"column":79}}],"line":24}},"s":{"0":0,"1":0,"2":0,"3":0,"4":0,"5":0,"6":0,"7":0,"8":0,"9":0,"10":0,"11":0,"12":0,"13":0,"14":0,"15":0,"16":0,"17":0,"18":0},"f":{"0":0,"1":0,"2":0,"3":0,"4":0},"b":{"0":[0,0],"1":[0,0],"2":[0,0,0]}}
,"C:\\Users\\Usuario\\Desktop\\pasteleria-mil-sabores\\src\\data\\products.js": {"path":"C:\\Users\\Usuario\\Desktop\\pasteleria-mil-sabores\\src\\data\\products.js","statementMap":{"0":{"start":{"line":3,"column":24},"end":{"line":49,"column":1}}},"fnMap":{},"branchMap":{},"s":{"0":0},"f":{},"b":{}}
,"C:\\Users\\Usuario\\Desktop\\pasteleria-mil-sabores\\src\\utils\\cart.js": {"path":"C:\\Users\\Usuario\\Desktop\\pasteleria-mil-sabores\\src\\utils\\cart.js","statementMap":{"0":{"start":{"line":3,"column":2},"end":{"line":23,"column":3}},"1":{"start":{"line":4,"column":25},"end":{"line":4,"column":71}},"2":{"start":{"line":7,"column":25},"end":{"line":7,"column":76}},"3":{"start":{"line":7,"column":53},"end":{"line":7,"column":75}},"4":{"start":{"line":9,"column":4},"end":{"line":13,"column":5}},"5":{"start":{"line":10,"column":6},"end":{"line":10,"column":33}},"6":{"start":{"line":12,"column":6},"end":{"line":12,"column":53}},"7":{"start":{"line":15,"column":4},"end":{"line":15,"column":63}},"8":{"start":{"line":18,"column":4},"end":{"line":18,"column":51}},"9":{"start":{"line":20,"column":4},"end":{"line":20,"column":52}},"10":{"start":{"line":22,"column":4},"end":{"line":22,"column":57}},"11":{"start":{"line":28,"column":2},"end":{"line":28,"column":56}},"12":{"start":{"line":33,"column":2},"end":{"line":33,"column":34}},"13":{"start":{"line":34,"column":2},"end":{"line":34,"column":49}}},"fnMap":{"0":{"name":"addToCart","decl":{"start":{"line":2,"column":16},"end":{"line":2,"column":25}},"loc":{"start":{"line":2,"column":35},"end":{"line":24,"column":1}},"line":2},"1":{"name":"(anonymous_1)","decl":{"start":{"line":7,"column":43},"end":{"line":7,"column":44}},"loc":{"start":{"line":7,"column":53},"end":{"line":7,"column":75}},"line":7},"2":{"name":"getCart","decl":{"start":{"line":27,"column":16},"end":{"line":27,"column":23}},"loc":{"start":{"line":27,"column":26},"end":{"line":29,"column":1}},"line":27},"3":{"name":"clearCart","decl":{"start":{"line":32,"column":16},"end":{"line":32,"column":25}},"loc":{"start":{"line":32,"column":28},"end":{"line":35,"column":1}},"line":32}},"branchMap":{"0":{"loc":{"start":{"line":4,"column":25},"end":{"line":4,"column":71}},"type":"binary-expr","locations":[{"start":{"line":4,"column":25},"end":{"line":4,"column":65}},{"start":{"line":4,"column":69},"end":{"line":4,"column":71}}],"line":4},"1":{"loc":{"start":{"line":9,"column":4},"end":{"line":13,"column":5}},"type":"if","locations":[{"start":{"line":9,"column":4},"end":{"line":13,"column":5}},{"start":{"line":11,"column":11},"end":{"line":13,"column":5}}],"line":9},"2":{"loc":{"start":{"line":28,"column":9},"end":{"line":28,"column":55}},"type":"binary-expr","locations":[{"start":{"line":28,"column":9},"end":{"line":28,"column":49}},{"start":{"line":28,"column":53},"end":{"line":28,"column":55}}],"line":28}},"s":{"0":5,"1":5,"2":4,"3":2,"4":4,"5":1,"6":3,"7":4,"8":4,"9":4,"10":1,"11":3,"12":2,"13":2},"f":{"0":5,"1":2,"2":3,"3":2},"b":{"0":[5,2],"1":[1,3],"2":[3,1]},"_coverageSchema":"1a1c01bbd47fc00a2c39e90264f33305004495a9","hash":"61d6dd19cd0a904c2bb3873ecbc6cec6b050c283"}
,"C:\\Users\\Usuario\\Desktop\\pasteleria-mil-sabores\\src\\utils\\discounts.js": {"path":"C:\\Users\\Usuario\\Desktop\\pasteleria-mil-sabores\\src\\utils\\discounts.js","statementMap":{"0":{"start":{"line":4,"column":4},"end":{"line":4,"column":64}},"1":{"start":{"line":5,"column":17},"end":{"line":5,"column":34}},"2":{"start":{"line":6,"column":26},"end":{"line":6,"column":52}},"3":{"start":{"line":7,"column":17},"end":{"line":7,"column":43}},"4":{"start":{"line":10,"column":14},"end":{"line":10,"column":24}},"5":{"start":{"line":11,"column":21},"end":{"line":11,"column":71}},"6":{"start":{"line":13,"column":4},"end":{"line":15,"column":44}},"7":{"start":{"line":18,"column":13},"end":{"line":18,"column":14}},"8":{"start":{"line":19,"column":2},"end":{"line":24,"column":3}},"9":{"start":{"line":20,"column":14},"end":{"line":20,"column":39}},"10":{"start":{"line":21,"column":4},"end":{"line":21,"column":47}},"11":{"start":{"line":22,"column":14},"end":{"line":22,"column":43}},"12":{"start":{"line":23,"column":4},"end":{"line":23,"column":66}},"13":{"start":{"line":23,"column":59},"end":{"line":23,"column":66}},"14":{"start":{"line":27,"column":19},"end":{"line":30,"column":3}},"15":{"start":{"line":28,"column":19},"end":{"line":28,"column":58}},"16":{"start":{"line":31,"column":2},"end":{"line":33,"column":3}},"17":{"start":{"line":32,"column":4},"end":{"line":32,"column":64}},"18":{"start":{"line":35,"column":14},"end":{"line":35,"column":22}},"19":{"start":{"line":36,"column":18},"end":{"line":36,"column":43}},"20":{"start":{"line":39,"column":2},"end":{"line":76,"column":3}},"21":{"start":{"line":41,"column":21},"end":{"line":41,"column":23}},"22":{"start":{"line":42,"column":4},"end":{"line":50,"column":7}},"23":{"start":{"line":43,"column":18},"end":{"line":43,"column":34}},"24":{"start":{"line":45,"column":8},"end":{"line":48,"column":60}},"25":{"start":{"line":49,"column":6},"end":{"line":49,"column":80}},"26":{"start":{"line":49,"column":19},"end":{"line":49,"column":20}},"27":{"start":{"line":49,"column":36},"end":{"line":49,"column":80}},"28":{"start":{"line":52,"column":19},"end":{"line":52,"column":52}},"29":{"start":{"line":52,"column":42},"end":{"line":52,"column":51}},"30":{"start":{"line":53,"column":17},"end":{"line":53,"column":50}},"31":{"start":{"line":55,"column":24},"end":{"line":55,"column":61}},"32":{"start":{"line":55,"column":52},"end":{"line":55,"column":59}},"33":{"start":{"line":56,"column":4},"end":{"line":56,"column":48}},"34":{"start":{"line":57,"column":4},"end":{"line":58,"column":85}},"35":{"start":{"line":62,"column":7},"end":{"line":76,"column":3}},"36":{"start":{"line":63,"column":4},"end":{"line":63,"column":27}},"37":{"start":{"line":64,"column":4},"end":{"line":64,"column":65}},"38":{"start":{"line":68,"column":7},"end":{"line":76,"column":3}},"39":{"start":{"line":69,"column":4},"end":{"line":69,"column":27}},"40":{"start":{"line":70,"column":4},"end":{"line":70,"column":71}},"41":{"start":{"line":75,"column":4},"end":{"line":75,"column":42}},"42":{"start":{"line":78,"column":2},"end":{"line":82,"column":4}}},"fnMap":{"0":{"name":"calcularDescuentoCarrito","decl":{"start":{"line":2,"column":16},"end":{"line":2,"column":40}},"loc":{"start":{"line":2,"column":63},"end":{"line":83,"column":1}},"line":2},"1":{"name":"(anonymous_1)","decl":{"start":{"line":28,"column":4},"end":{"line":28,"column":5}},"loc":{"start":{"line":28,"column":19},"end":{"line":28,"column":58}},"line":28},"2":{"name":"(anonymous_2)","decl":{"start":{"line":42,"column":17},"end":{"line":42,"column":18}},"loc":{"start":{"line":42,"column":25},"end":{"line":50,"column":5}},"line":42},"3":{"name":"(anonymous_3)","decl":{"start":{"line":52,"column":35},"end":{"line":52,"column":36}},"loc":{"start":{"line":52,"column":42},"end":{"line":52,"column":51}},"line":52},"4":{"name":"(anonymous_4)","decl":{"start":{"line":55,"column":45},"end":{"line":55,"column":46}},"loc":{"start":{"line":55,"column":52},"end":{"line":55,"column":59}},"line":55}},"branchMap":{"0":{"loc":{"start":{"line":2,"column":47},"end":{"line":2,"column":61}},"type":"default-arg","locations":[{"start":{"line":2,"column":57},"end":{"line":2,"column":61}}],"line":2},"1":{"loc":{"start":{"line":4,"column":4},"end":{"line":4,"column":64}},"type":"binary-expr","locations":[{"start":{"line":4,"column":4},"end":{"line":4,"column":11}},{"start":{"line":4,"column":15},"end":{"line":4,"column":58}},{"start":{"line":4,"column":62},"end":{"line":4,"column":64}}],"line":4},"2":{"loc":{"start":{"line":5,"column":17},"end":{"line":5,"column":34}},"type":"binary-expr","locations":[{"start":{"line":5,"column":17},"end":{"line":5,"column":28}},{"start":{"line":5,"column":32},"end":{"line":5,"column":34}}],"line":5},"3":{"loc":{"start":{"line":6,"column":26},"end":{"line":6,"column":52}},"type":"binary-expr","locations":[{"start":{"line":6,"column":26},"end":{"line":6,"column":46}},{"start":{"line":6,"column":50},"end":{"line":6,"column":52}}],"line":6},"4":{"loc":{"start":{"line":7,"column":17},"end":{"line":7,"column":43}},"type":"binary-expr","locations":[{"start":{"line":7,"column":17},"end":{"line":7,"column":37}},{"start":{"line":7,"column":41},"end":{"line":7,"column":43}}],"line":7},"5":{"loc":{"start":{"line":11,"column":21},"end":{"line":11,"column":71}},"type":"cond-expr","locations":[{"start":{"line":11,"column":39},"end":{"line":11,"column":64}},{"start":{"line":11,"column":67},"end":{"line":11,"column":71}}],"line":11},"6":{"loc":{"start":{"line":13,"column":4},"end":{"line":15,"column":44}},"type":"binary-expr","locations":[{"start":{"line":13,"column":4},"end":{"line":13,"column":14}},{"start":{"line":14,"column":4},"end":{"line":14,"column":42}},{"start":{"line":15,"column":4},"end":{"line":15,"column":44}}],"line":13},"7":{"loc":{"start":{"line":19,"column":2},"end":{"line":24,"column":3}},"type":"if","locations":[{"start":{"line":19,"column":2},"end":{"line":24,"column":3}},{"start":{},"end":{}}],"line":19},"8":{"loc":{"start":{"line":23,"column":4},"end":{"line":23,"column":66}},"type":"if","locations":[{"start":{"line":23,"column":4},"end":{"line":23,"column":66}},{"start":{},"end":{}}],"line":23},"9":{"loc":{"start":{"line":23,"column":8},"end":{"line":23,"column":57}},"type":"binary-expr","locations":[{"start":{"line":23,"column":8},"end":{"line":23,"column":13}},{"start":{"line":23,"column":18},"end":{"line":23,"column":25}},{"start":{"line":23,"column":29},"end":{"line":23,"column":56}}],"line":23},"10":{"loc":{"start":{"line":28,"column":39},"end":{"line":28,"column":57}},"type":"binary-expr","locations":[{"start":{"line":28,"column":39},"end":{"line":28,"column":52}},{"start":{"line":28,"column":56},"end":{"line":28,"column":57}}],"line":28},"11":{"loc":{"start":{"line":31,"column":2},"end":{"line":33,"column":3}},"type":"if","locations":[{"start":{"line":31,"column":2},"end":{"line":33,"column":3}},{"start":{},"end":{}}],"line":31},"12":{"loc":{"start":{"line":39,"column":2},"end":{"line":76,"column":3}},"type":"if","locations":[{"start":{"line":39,"column":2},"end":{"line":76,"column":3}},{"start":{"line":62,"column":7},"end":{"line":76,"column":3}}],"line":39},"13":{"loc":{"start":{"line":39,"column":6},"end":{"line":39,"column":47}},"type":"binary-expr","locations":[{"start":{"line":39,"column":6},"end":{"line":39,"column":14}},{"start":{"line":39,"column":18},"end":{"line":39,"column":47}}],"line":39},"14":{"loc":{"start":{"line":43,"column":18},"end":{"line":43,"column":34}},"type":"binary-expr","locations":[{"start":{"line":43,"column":18},"end":{"line":43,"column":29}},{"start":{"line":43,"column":33},"end":{"line":43,"column":34}}],"line":43},"15":{"loc":{"start":{"line":45,"column":8},"end":{"line":48,"column":60}},"type":"binary-expr","locations":[{"start":{"line":45,"column":8},"end":{"line":47,"column":28}},{"start":{"line":48,"column":8},"end":{"line":48,"column":60}}],"line":45},"16":{"loc":{"start":{"line":45,"column":10},"end":{"line":45,"column":27}},"type":"binary-expr","locations":[{"start":{"line":45,"column":10},"end":{"line":45,"column":21}},{"start":{"line":45,"column":25},"end":{"line":45,"column":27}}],"line":45},"17":{"loc":{"start":{"line":45,"column":38},"end":{"line":45,"column":51}},"type":"binary-expr","locations":[{"start":{"line":45,"column":38},"end":{"line":45,"column":45}},{"start":{"line":45,"column":49},"end":{"line":45,"column":51}}],"line":45},"18":{"loc":{"start":{"line":48,"column":9},"end":{"line":48,"column":26}},"type":"binary-expr","locations":[{"start":{"line":48,"column":9},"end":{"line":48,"column":20}},{"start":{"line":48,"column":24},"end":{"line":48,"column":26}}],"line":48},"19":{"loc":{"start":{"line":53,"column":17},"end":{"line":53,"column":50}},"type":"cond-expr","locations":[{"start":{"line":53,"column":33},"end":{"line":53,"column":39}},{"start":{"line":53,"column":42},"end":{"line":53,"column":50}}],"line":53},"20":{"loc":{"start":{"line":62,"column":7},"end":{"line":76,"column":3}},"type":"if","locations":[{"start":{"line":62,"column":7},"end":{"line":76,"column":3}},{"start":{"line":68,"column":7},"end":{"line":76,"column":3}}],"line":62},"21":{"loc":{"start":{"line":68,"column":7},"end":{"line":76,"column":3}},"type":"if","locations":[{"start":{"line":68,"column":7},"end":{"line":76,"column":3}},{"start":{"line":74,"column":7},"end":{"line":76,"column":3}}],"line":68}},"s":{"0":19,"1":19,"2":19,"3":19,"4":19,"5":19,"6":19,"7":19,"8":19,"9":14,"10":14,"11":14,"12":14,"13":8,"14":19,"15":33,"16":19,"17":2,"18":17,"19":17,"20":17,"21":4,"22":4,"23":8,"24":8,"25":8,"26":8,"27":12,"28":4,"29":12,"30":4,"31":4,"32":12,"33":4,"34":4,"35":13,"36":4,"37":4,"38":9,"39":2,"40":2,"41":7,"42":17},"f":{"0":19,"1":33,"2":8,"3":12,"4":12},"b":{"0":[5],"1":[19,5,4],"2":[19,5],"3":[19,5],"4":[19,13],"5":[14,5],"6":[19,14,5],"7":[14,5],"8":[8,6],"9":[14,6,5],"10":[33,1],"11":[2,17],"12":[4,13],"13":[17,5],"14":[8,0],"15":[8,4],"16":[8,0],"17":[8,0],"18":[4,0],"19":[4,0],"20":[4,9],"21":[2,7]},"_coverageSchema":"1a1c01bbd47fc00a2c39e90264f33305004495a9","hash":"7379879b01131924cad28e543fc1c162e454f78b"}
}
