TN:
SF:src\App.jsx
FN:11,App
FNF:1
FNH:0
FNDA:0,App
DA:12,0
LF:1
LH:0
BRF:0
BRH:0
end_of_record
TN:
SF:src\components\atoms\Badge.jsx
FN:2,Badge
FNF:1
FNH:0
FNDA:0,Badge
DA:3,0
LF:1
LH:0
BRDA:2,0,0,0
BRDA:2,1,0,0
BRF:2
BRH:0
end_of_record
TN:
SF:src\components\atoms\Button.jsx
FN:2,Button
FNF:1
FNH:1
FNDA:13,Button
DA:3,13
DA:4,13
DA:6,13
LF:3
LH:3
BRDA:2,0,0,12
BRDA:2,1,0,12
BRDA:4,2,0,13
BRDA:4,2,1,0
BRF:4
BRH:3
end_of_record
TN:
SF:src\components\atoms\Image.jsx
FN:2,Image
FNF:1
FNH:0
FNDA:0,Image
DA:3,0
LF:1
LH:0
BRDA:2,0,0,0
BRDA:2,1,0,0
BRF:2
BRH:0
end_of_record
TN:
SF:src\components\atoms\Input.jsx
FN:2,Input
FNF:1
FNH:1
FNDA:16,Input
DA:3,16
LF:1
LH:1
BRDA:2,0,0,7
BRF:1
BRH:1
end_of_record
TN:
SF:src\components\atoms\Text.jsx
FN:2,Text
FNF:1
FNH:0
FNDA:0,Text
DA:3,0
DA:4,0
DA:5,0
LF:3
LH:0
BRDA:2,0,0,0
BRDA:2,1,0,0
BRDA:3,2,0,0
BRDA:3,2,1,0
BRDA:4,3,0,0
BRDA:4,3,1,0
BRF:6
BRH:0
end_of_record
TN:
SF:src\components\atoms\Title.jsx
FN:2,Title
FNF:1
FNH:0
FNDA:0,Title
DA:3,0
DA:4,0
LF:2
LH:0
BRDA:2,0,0,0
BRF:1
BRH:0
end_of_record
TN:
SF:src\components\molecules\CardProduct.jsx
FN:7,CardProduct
FN:11,(anonymous_1)
FNF:2
FNH:0
FNDA:0,CardProduct
FNDA:0,(anonymous_1)
DA:9,0
DA:11,0
DA:12,0
DA:13,0
DA:16,0
LF:5
LH:0
BRDA:9,0,0,0
BRDA:9,0,1,0
BRDA:34,1,0,0
BRDA:34,1,1,0
BRF:4
BRH:0
end_of_record
TN:
SF:src\components\molecules\CartItem.jsx
FN:4,CartItem
FNF:1
FNH:0
FNDA:0,CartItem
DA:5,0
LF:1
LH:0
BRDA:18,0,0,0
BRDA:18,0,1,0
BRF:2
BRH:0
end_of_record
TN:
SF:src\components\molecules\FormField.jsx
FN:5,FormField
FNF:1
FNH:0
FNDA:0,FormField
DA:6,0
LF:1
LH:0
BRF:0
BRH:0
end_of_record
TN:
SF:src\components\molecules\MessageModal.jsx
FN:5,MessageModal
FN:8,(anonymous_1)
FN:45,(anonymous_2)
FNF:3
FNH:0
FNDA:0,MessageModal
FNDA:0,(anonymous_1)
FNDA:0,(anonymous_2)
DA:6,0
DA:8,0
DA:9,0
DA:10,0
DA:11,0
DA:14,0
DA:45,0
LF:7
LH:0
BRF:0
BRH:0
end_of_record
TN:
SF:src\components\molecules\ProductFilter.jsx
FN:2,ProductFilter
FN:11,(anonymous_1)
FNF:2
FNH:0
FNDA:0,ProductFilter
FNDA:0,(anonymous_1)
DA:3,0
DA:12,0
LF:2
LH:0
BRF:0
BRH:0
end_of_record
TN:
SF:src\components\molecules\SearchBar.jsx
FN:5,SearchBar
FNF:1
FNH:1
FNDA:7,SearchBar
DA:6,7
LF:1
LH:1
BRF:0
BRH:0
end_of_record
TN:
SF:src\components\organisms\AboutSection.jsx
FN:3,AboutSection
FNF:1
FNH:0
FNDA:0,AboutSection
DA:4,0
LF:1
LH:0
BRF:0
BRH:0
end_of_record
TN:
SF:src\components\organisms\CartSummary.jsx
FN:6,CartSummary
FN:14,(anonymous_1)
FN:20,(anonymous_2)
FN:30,(anonymous_3)
FN:43,(anonymous_4)
FN:44,(anonymous_5)
FN:50,(anonymous_6)
FN:51,(anonymous_7)
FN:59,(anonymous_8)
FN:61,(anonymous_9)
FN:66,(anonymous_10)
FN:97,(anonymous_11)
FN:118,(anonymous_12)
FN:120,(anonymous_13)
FN:128,(anonymous_14)
FNF:15
FNH:0
FNDA:0,CartSummary
FNDA:0,(anonymous_1)
FNDA:0,(anonymous_2)
FNDA:0,(anonymous_3)
FNDA:0,(anonymous_4)
FNDA:0,(anonymous_5)
FNDA:0,(anonymous_6)
FNDA:0,(anonymous_7)
FNDA:0,(anonymous_8)
FNDA:0,(anonymous_9)
FNDA:0,(anonymous_10)
FNDA:0,(anonymous_11)
FNDA:0,(anonymous_12)
FNDA:0,(anonymous_13)
FNDA:0,(anonymous_14)
DA:7,0
DA:8,0
DA:9,0
DA:10,0
DA:11,0
DA:14,0
DA:15,0
DA:16,0
DA:20,0
DA:21,0
DA:22,0
DA:23,0
DA:24,0
DA:25,0
DA:26,0
DA:29,0
DA:30,0
DA:33,0
DA:36,0
DA:37,0
DA:38,0
DA:39,0
DA:43,0
DA:44,0
DA:45,0
DA:46,0
DA:50,0
DA:51,0
DA:52,0
DA:54,0
DA:55,0
DA:59,0
DA:60,0
DA:62,0
DA:66,0
DA:67,0
DA:68,0
DA:72,0
DA:73,0
DA:83,0
DA:98,0
DA:118,0
DA:120,0
DA:128,0
LF:44
LH:0
BRDA:15,0,0,0
BRDA:15,0,1,0
BRDA:21,1,0,0
BRDA:21,1,1,0
BRDA:21,2,0,0
BRDA:21,2,1,0
BRDA:30,3,0,0
BRDA:30,3,1,0
BRDA:52,4,0,0
BRDA:52,4,1,0
BRDA:52,5,0,0
BRDA:52,5,1,0
BRDA:62,6,0,0
BRDA:62,6,1,0
BRDA:62,7,0,0
BRDA:62,7,1,0
BRDA:62,8,0,0
BRDA:62,8,1,0
BRDA:66,9,0,0
BRDA:66,9,1,0
BRDA:72,10,0,0
BRDA:72,10,1,0
BRDA:146,11,0,0
BRDA:146,11,1,0
BRDA:152,12,0,0
BRDA:152,12,1,0
BRDA:158,13,0,0
BRDA:158,13,1,0
BRF:28
BRH:0
end_of_record
TN:
SF:src\components\organisms\Footer.jsx
FN:4,Footer
FNF:1
FNH:0
FNDA:0,Footer
DA:5,0
LF:1
LH:0
BRF:0
BRH:0
end_of_record
TN:
SF:src\components\organisms\HeroSection.jsx
FN:5,HeroSection
FN:39,(anonymous_1)
FN:40,(anonymous_2)
FN:41,(anonymous_3)
FN:43,(anonymous_4)
FN:47,(anonymous_5)
FN:47,(anonymous_6)
FN:48,(anonymous_7)
FN:49,(anonymous_8)
FN:103,(anonymous_9)
FN:158,(anonymous_10)
FNF:11
FNH:0
FNDA:0,HeroSection
FNDA:0,(anonymous_1)
FNDA:0,(anonymous_2)
FNDA:0,(anonymous_3)
FNDA:0,(anonymous_4)
FNDA:0,(anonymous_5)
FNDA:0,(anonymous_6)
FNDA:0,(anonymous_7)
FNDA:0,(anonymous_8)
FNDA:0,(anonymous_9)
FNDA:0,(anonymous_10)
DA:6,0
DA:36,0
DA:39,0
DA:40,0
DA:41,0
DA:43,0
DA:47,0
DA:48,0
DA:49,0
DA:51,0
DA:53,0
DA:103,0
DA:159,0
DA:176,0
LF:14
LH:0
BRDA:165,0,0,0
BRDA:165,0,1,0
BRF:2
BRH:0
end_of_record
TN:
SF:src\components\organisms\Navbar.jsx
FN:6,Navbar
FN:11,(anonymous_1)
FN:13,(anonymous_2)
FN:15,(anonymous_3)
FN:27,(anonymous_4)
FN:33,(anonymous_5)
FNF:6
FNH:0
FNDA:0,Navbar
FNDA:0,(anonymous_1)
FNDA:0,(anonymous_2)
FNDA:0,(anonymous_3)
FNDA:0,(anonymous_4)
FNDA:0,(anonymous_5)
DA:7,0
DA:8,0
DA:9,0
DA:11,0
DA:13,0
DA:14,0
DA:15,0
DA:16,0
DA:20,0
DA:23,0
DA:24,0
DA:27,0
DA:28,0
DA:29,0
DA:33,0
DA:34,0
DA:35,0
DA:38,0
LF:18
LH:0
BRDA:14,0,0,0
BRDA:14,0,1,0
BRDA:52,1,0,0
BRDA:52,1,1,0
BRDA:68,2,0,0
BRDA:68,2,1,0
BRF:6
BRH:0
end_of_record
TN:
SF:src\components\organisms\ProductGrid.jsx
FN:5,ProductGrid
FN:8,(anonymous_1)
FN:12,(anonymous_2)
FN:17,(anonymous_3)
FN:31,(anonymous_4)
FN:38,(anonymous_5)
FN:39,(anonymous_6)
FNF:7
FNH:0
FNDA:0,ProductGrid
FNDA:0,(anonymous_1)
FNDA:0,(anonymous_2)
FNDA:0,(anonymous_3)
FNDA:0,(anonymous_4)
FNDA:0,(anonymous_5)
FNDA:0,(anonymous_6)
DA:6,0
DA:8,0
DA:9,0
DA:12,0
DA:13,0
DA:14,0
DA:17,0
DA:19,0
DA:20,0
DA:22,0
DA:32,0
DA:38,0
DA:39,0
LF:13
LH:0
BRDA:19,0,0,0
BRDA:19,0,1,0
BRDA:44,1,0,0
BRDA:44,1,1,0
BRF:4
BRH:0
end_of_record
TN:
SF:src\components\organisms\RegisterForm.jsx
FN:5,RegisterForm
FN:17,(anonymous_1)
FN:47,(anonymous_2)
FN:50,(anonymous_3)
FN:56,(anonymous_4)
FN:58,(anonymous_5)
FN:59,(anonymous_6)
FN:80,(anonymous_7)
FNF:8
FNH:0
FNDA:0,RegisterForm
FNDA:0,(anonymous_1)
FNDA:0,(anonymous_2)
FNDA:0,(anonymous_3)
FNDA:0,(anonymous_4)
FNDA:0,(anonymous_5)
FNDA:0,(anonymous_6)
FNDA:0,(anonymous_7)
DA:6,0
DA:15,0
DA:17,0
DA:18,0
DA:20,0
DA:22,0
DA:23,0
DA:24,0
DA:26,0
DA:27,0
DA:28,0
DA:30,0
DA:31,0
DA:33,0
DA:34,0
DA:36,0
DA:37,0
DA:38,0
DA:40,0
DA:41,0
DA:42,0
DA:44,0
DA:47,0
DA:50,0
DA:51,0
DA:52,0
DA:53,0
DA:56,0
DA:57,0
DA:58,0
DA:59,0
DA:60,0
DA:61,0
DA:62,0
DA:64,0
DA:67,0
DA:81,0
LF:37
LH:0
BRDA:20,0,0,0
BRDA:20,0,1,0
BRDA:20,0,2,0
BRDA:20,0,3,0
BRDA:20,0,4,0
BRDA:20,0,5,0
BRDA:20,0,6,0
BRDA:22,1,0,0
BRDA:22,1,1,0
BRDA:26,2,0,0
BRDA:26,2,1,0
BRDA:26,3,0,0
BRDA:26,3,1,0
BRDA:30,4,0,0
BRDA:30,4,1,0
BRDA:33,5,0,0
BRDA:33,5,1,0
BRDA:36,6,0,0
BRDA:36,6,1,0
BRDA:40,7,0,0
BRDA:40,7,1,0
BRDA:60,8,0,0
BRDA:60,8,1,0
BRDA:60,9,0,0
BRDA:60,9,1,0
BRDA:88,10,0,0
BRDA:88,10,1,0
BRDA:91,11,0,0
BRDA:91,11,1,0
BRF:29
BRH:0
end_of_record
TN:
SF:src\components\organisms\ReviewsSection.jsx
FN:6,ReviewsSection
FN:38,(anonymous_1)
FN:39,(anonymous_2)
FN:40,(anonymous_3)
FN:42,(anonymous_4)
FN:46,(anonymous_5)
FN:46,(anonymous_6)
FN:47,(anonymous_7)
FN:48,(anonymous_8)
FN:161,(anonymous_9)
FNF:10
FNH:0
FNDA:0,ReviewsSection
FNDA:0,(anonymous_1)
FNDA:0,(anonymous_2)
FNDA:0,(anonymous_3)
FNDA:0,(anonymous_4)
FNDA:0,(anonymous_5)
FNDA:0,(anonymous_6)
FNDA:0,(anonymous_7)
FNDA:0,(anonymous_8)
FNDA:0,(anonymous_9)
DA:7,0
DA:35,0
DA:38,0
DA:39,0
DA:40,0
DA:42,0
DA:46,0
DA:47,0
DA:48,0
DA:50,0
DA:52,0
DA:162,0
LF:12
LH:0
BRDA:168,0,0,0
BRDA:168,0,1,0
BRF:2
BRH:0
end_of_record
TN:
SF:src\components\pages\Carrito.jsx
FN:5,Carrito
FN:8,(anonymous_1)
FNF:2
FNH:0
FNDA:0,Carrito
FNDA:0,(anonymous_1)
DA:6,0
DA:8,0
DA:9,0
DA:12,0
LF:4
LH:0
BRF:0
BRH:0
end_of_record
TN:
SF:src\components\pages\Catalogo.jsx
FN:8,Catalogo
FN:11,(anonymous_1)
FN:17,(anonymous_2)
FN:21,(anonymous_3)
FN:22,(anonymous_4)
FN:24,(anonymous_5)
FN:35,(anonymous_6)
FN:39,(anonymous_7)
FN:45,(anonymous_8)
FN:53,(anonymous_9)
FN:60,(anonymous_10)
FNF:11
FNH:0
FNDA:0,Catalogo
FNDA:0,(anonymous_1)
FNDA:0,(anonymous_2)
FNDA:0,(anonymous_3)
FNDA:0,(anonymous_4)
FNDA:0,(anonymous_5)
FNDA:0,(anonymous_6)
FNDA:0,(anonymous_7)
FNDA:0,(anonymous_8)
FNDA:0,(anonymous_9)
FNDA:0,(anonymous_10)
DA:9,0
DA:10,0
DA:11,0
DA:12,0
DA:13,0
DA:17,0
DA:18,0
DA:21,0
DA:22,0
DA:23,0
DA:25,0
DA:31,0
DA:32,0
DA:35,0
DA:38,0
DA:40,0
DA:45,0
DA:47,0
DA:53,0
DA:60,0
LF:20
LH:0
BRDA:13,0,0,0
BRDA:13,0,1,0
BRDA:23,1,0,0
BRDA:23,1,1,0
BRDA:25,2,0,0
BRDA:25,2,1,0
BRDA:40,3,0,0
BRDA:40,3,1,0
BRDA:40,3,2,0
BRF:9
BRH:0
end_of_record
TN:
SF:src\components\pages\Checkout.jsx
FN:6,Checkout
FN:18,(anonymous_1)
FN:23,(anonymous_2)
FN:27,(anonymous_3)
FN:41,(anonymous_4)
FN:68,(anonymous_5)
FN:105,(anonymous_6)
FN:132,(anonymous_7)
FNF:8
FNH:0
FNDA:0,Checkout
FNDA:0,(anonymous_1)
FNDA:0,(anonymous_2)
FNDA:0,(anonymous_3)
FNDA:0,(anonymous_4)
FNDA:0,(anonymous_5)
FNDA:0,(anonymous_6)
FNDA:0,(anonymous_7)
DA:7,0
DA:8,0
DA:15,0
DA:16,0
DA:18,0
DA:19,0
DA:20,0
DA:23,0
DA:24,0
DA:27,0
DA:28,0
DA:30,0
DA:37,0
DA:38,0
DA:41,0
DA:42,0
DA:44,0
DA:55,0
DA:56,0
DA:57,0
DA:60,0
DA:61,0
DA:64,0
DA:65,0
DA:68,0
DA:71,0
DA:72,0
DA:106,0
DA:132,0
DA:147,0
LF:30
LH:0
BRDA:19,0,0,0
BRDA:19,0,1,0
BRDA:30,1,0,0
BRDA:30,1,1,0
BRDA:31,2,0,0
BRDA:31,2,1,0
BRDA:31,2,2,0
BRDA:31,2,3,0
BRDA:31,2,4,0
BRDA:55,3,0,0
BRDA:55,3,1,0
BRDA:71,4,0,0
BRDA:71,4,1,0
BRDA:156,5,0,0
BRDA:156,5,1,0
BRF:15
BRH:0
end_of_record
TN:
SF:src\components\pages\Home.jsx
FN:7,Home
FNF:1
FNH:0
FNDA:0,Home
DA:8,0
LF:1
LH:0
BRF:0
BRH:0
end_of_record
TN:
SF:src\components\pages\Login.jsx
FN:9,Login
FN:15,(anonymous_1)
FN:17,(anonymous_2)
FNF:3
FNH:0
FNDA:0,Login
FNDA:0,(anonymous_1)
FNDA:0,(anonymous_2)
DA:10,0
DA:11,0
DA:12,0
DA:13,0
DA:15,0
DA:17,0
DA:18,0
DA:19,0
DA:20,0
DA:21,0
DA:24,0
LF:11
LH:0
BRDA:20,0,0,0
BRDA:20,0,1,0
BRDA:32,1,0,0
BRDA:32,1,1,0
BRF:4
BRH:0
end_of_record
TN:
SF:src\components\pages\Perfil.jsx
FN:9,Perfil
FN:15,(anonymous_1)
FN:22,(anonymous_2)
FN:29,(anonymous_3)
FN:33,(anonymous_4)
FNF:5
FNH:0
FNDA:0,Perfil
FNDA:0,(anonymous_1)
FNDA:0,(anonymous_2)
FNDA:0,(anonymous_3)
FNDA:0,(anonymous_4)
DA:10,0
DA:11,0
DA:12,0
DA:13,0
DA:15,0
DA:16,0
DA:17,0
DA:18,0
DA:22,0
DA:23,0
DA:24,0
DA:25,0
DA:29,0
DA:30,0
DA:33,0
DA:35,0
DA:36,0
DA:37,0
DA:38,0
DA:41,0
DA:42,0
DA:49,0
LF:22
LH:0
BRDA:11,0,0,0
BRDA:11,0,1,0
BRDA:16,1,0,0
BRDA:16,1,1,0
BRDA:41,2,0,0
BRDA:41,2,1,0
BRDA:53,3,0,0
BRDA:53,3,1,0
BRDA:58,4,0,0
BRDA:58,4,1,0
BRDA:65,5,0,0
BRDA:65,5,1,0
BRDA:72,6,0,0
BRDA:72,6,1,0
BRDA:78,7,0,0
BRDA:78,7,1,0
BRF:16
BRH:0
end_of_record
TN:
SF:src\components\pages\Registro.jsx
FN:6,Registro
FN:9,(anonymous_1)
FN:25,(anonymous_2)
FNF:3
FNH:0
FNDA:0,Registro
FNDA:0,(anonymous_1)
FNDA:0,(anonymous_2)
DA:7,0
DA:9,0
DA:11,0
DA:14,0
DA:26,0
DA:30,0
LF:6
LH:0
BRF:0
BRH:0
end_of_record
TN:
SF:src\components\routes\ProtectedRoute.jsx
FN:4,ProtectedRoute
FNF:1
FNH:0
FNDA:0,ProtectedRoute
DA:5,0
DA:6,0
LF:2
LH:0
BRDA:6,0,0,0
BRDA:6,0,1,0
BRF:2
BRH:0
end_of_record
TN:
SF:src\components\templates\DefaultLayout.jsx
FN:5,DefaultLayout
FNF:1
FNH:0
FNDA:0,DefaultLayout
DA:6,0
LF:1
LH:0
BRF:0
BRH:0
end_of_record
TN:
SF:src\components\templates\TwoColumnLayout.jsx
FN:5,TwoColumnLayout
FNF:1
FNH:0
FNDA:0,TwoColumnLayout
DA:6,0
LF:1
LH:0
BRF:0
BRH:0
end_of_record
TN:
SF:src\context\AuthContext.jsx
FN:8,(anonymous_0)
FN:11,AuthProvider
FN:15,(anonymous_2)
FN:21,(anonymous_3)
FN:34,(anonymous_4)
FNF:5
FNH:0
FNDA:0,(anonymous_0)
FNDA:0,AuthProvider
FNDA:0,(anonymous_2)
FNDA:0,(anonymous_3)
FNDA:0,(anonymous_4)
DA:5,0
DA:8,0
DA:12,0
DA:15,0
DA:16,0
DA:17,0
DA:21,0
DA:22,0
DA:24,0
DA:25,0
DA:26,0
DA:27,0
DA:30,0
DA:34,0
DA:35,0
DA:36,0
DA:40,0
LF:17
LH:0
BRDA:17,0,0,0
BRDA:17,0,1,0
BRDA:24,1,0,0
BRDA:24,1,1,0
BRDA:24,2,0,0
BRDA:24,2,1,0
BRDA:24,2,2,0
BRF:7
BRH:0
end_of_record
TN:
SF:src\data\products.js
FNF:0
FNH:0
DA:3,0
LF:1
LH:0
BRF:0
BRH:0
end_of_record
TN:
SF:src\utils\cart.js
FN:2,addToCart
FN:7,(anonymous_1)
FN:27,getCart
FN:32,clearCart
FNF:4
FNH:4
FNDA:5,addToCart
FNDA:2,(anonymous_1)
FNDA:3,getCart
FNDA:2,clearCart
DA:3,5
DA:4,5
DA:7,4
DA:9,4
DA:10,1
DA:12,3
DA:15,4
DA:18,4
DA:20,4
DA:22,1
DA:28,3
DA:33,2
DA:34,2
LF:13
LH:13
BRDA:4,0,0,5
BRDA:4,0,1,2
BRDA:9,1,0,1
BRDA:9,1,1,3
BRDA:28,2,0,3
BRDA:28,2,1,1
BRF:6
BRH:6
end_of_record
TN:
SF:src\utils\discounts.js
FN:2,calcularDescuentoCarrito
FN:28,(anonymous_1)
FN:42,(anonymous_2)
FN:52,(anonymous_3)
FN:55,(anonymous_4)
FNF:5
FNH:5
FNDA:19,calcularDescuentoCarrito
FNDA:33,(anonymous_1)
FNDA:8,(anonymous_2)
FNDA:12,(anonymous_3)
FNDA:12,(anonymous_4)
DA:4,19
DA:5,19
DA:6,19
DA:7,19
DA:10,19
DA:11,19
DA:13,19
DA:18,19
DA:19,19
DA:20,14
DA:21,14
DA:22,14
DA:23,14
DA:27,19
DA:28,33
DA:31,19
DA:32,2
DA:35,17
DA:36,17
DA:39,17
DA:41,4
DA:42,4
DA:43,8
DA:45,8
DA:49,12
DA:52,12
DA:53,4
DA:55,12
DA:56,4
DA:57,4
DA:62,13
DA:63,4
DA:64,4
DA:68,9
DA:69,2
DA:70,2
DA:75,7
DA:78,17
LF:38
LH:38
BRDA:2,0,0,5
BRDA:4,1,0,19
BRDA:4,1,1,5
BRDA:4,1,2,4
BRDA:5,2,0,19
BRDA:5,2,1,5
BRDA:6,3,0,19
BRDA:6,3,1,5
BRDA:7,4,0,19
BRDA:7,4,1,13
BRDA:11,5,0,14
BRDA:11,5,1,5
BRDA:13,6,0,19
BRDA:13,6,1,14
BRDA:13,6,2,5
BRDA:19,7,0,14
BRDA:19,7,1,5
BRDA:23,8,0,8
BRDA:23,8,1,6
BRDA:23,9,0,14
BRDA:23,9,1,6
BRDA:23,9,2,5
BRDA:28,10,0,33
BRDA:28,10,1,1
BRDA:31,11,0,2
BRDA:31,11,1,17
BRDA:39,12,0,4
BRDA:39,12,1,13
BRDA:39,13,0,17
BRDA:39,13,1,5
BRDA:43,14,0,8
BRDA:43,14,1,0
BRDA:45,15,0,8
BRDA:45,15,1,4
BRDA:45,16,0,8
BRDA:45,16,1,0
BRDA:45,17,0,8
BRDA:45,17,1,0
BRDA:48,18,0,4
BRDA:48,18,1,0
BRDA:53,19,0,4
BRDA:53,19,1,0
BRDA:62,20,0,4
BRDA:62,20,1,9
BRDA:68,21,0,2
BRDA:68,21,1,7
BRF:46
BRH:41
end_of_record
